[ 2016-10-01T09:59:23+08:00 ] 127.0.0.1 /favicon.ico
INFO: [ app_init ] --START--
INFO: Run Behavior\BuildLiteBehavior [ RunTime:0.000000s ]
INFO: [ app_init ] --END-- [ RunTime:0.143008s ]
ERR: 无法加载模块:Favicon

[ 2016-10-01T10:17:15+08:00 ] 127.0.0.1 /favicon.ico
INFO: [ app_init ] --START--
INFO: Run Behavior\BuildLiteBehavior [ RunTime:0.000000s ]
INFO: [ app_init ] --END-- [ RunTime:0.001000s ]
ERR: 无法加载模块:Favicon

[ 2016-10-01T10:22:44+08:00 ] 127.0.0.1 /Public/Uploads/57ee4c1712e0f.gif
INFO: [ app_init ] --START--
INFO: Run Behavior\BuildLiteBehavior [ RunTime:0.001000s ]
INFO: [ app_init ] --END-- [ RunTime:0.002000s ]
ERR: 无法加载模块:Public

[ 2016-10-01T10:23:13+08:00 ] 127.0.0.1 /Public/Uploads/57ee4c1712e0f.gif
INFO: [ app_init ] --START--
INFO: Run Behavior\BuildLiteBehavior [ RunTime:0.000000s ]
INFO: [ app_init ] --END-- [ RunTime:0.001000s ]
ERR: 无法加载模块:Public

[ 2016-10-01T10:24:42+08:00 ] 127.0.0.1 /Public/Uploads/57ee4c1712e0f.gif
INFO: [ app_init ] --START--
INFO: Run Behavior\BuildLiteBehavior [ RunTime:0.000000s ]
INFO: [ app_init ] --END-- [ RunTime:0.001000s ]
ERR: 无法加载模块:Public

[ 2016-10-01T10:24:48+08:00 ] 127.0.0.1 /Public/Uploads/57ee4c1712e0f.gif
INFO: [ app_init ] --START--
INFO: Run Behavior\BuildLiteBehavior [ RunTime:0.000000s ]
INFO: [ app_init ] --END-- [ RunTime:0.001000s ]
ERR: 无法加载模块:Public

[ 2016-10-01T10:49:34+08:00 ] 127.0.0.1 /Public./public/Uploads/2016-09-30/57ee4c1712e0f.gif%20width=
INFO: [ app_init ] --START--
INFO: Run Behavior\BuildLiteBehavior [ RunTime:0.000000s ]
INFO: [ app_init ] --END-- [ RunTime:0.016001s ]
ERR: 无法加载模块:Public

[ 2016-10-01T10:49:34+08:00 ] 127.0.0.1 /Public./public/Uploads/2016-10-01/57ef2331809b5.jpg%20width=
INFO: [ app_init ] --START--
INFO: Run Behavior\BuildLiteBehavior [ RunTime:0.000000s ]
INFO: [ app_init ] --END-- [ RunTime:0.006000s ]
ERR: 无法加载模块:Public

[ 2016-10-01T10:50:57+08:00 ] 127.0.0.1 /Public./public/Uploads/2016-10-01/57ef2331809b5.jpg%20width=
INFO: [ app_init ] --START--
INFO: Run Behavior\BuildLiteBehavior [ RunTime:0.001000s ]
INFO: [ app_init ] --END-- [ RunTime:0.009000s ]
ERR: 无法加载模块:Public

[ 2016-10-01T10:50:57+08:00 ] 127.0.0.1 /Public./public/Uploads/2016-09-30/57ee4c1712e0f.gif%20width=
INFO: [ app_init ] --START--
INFO: Run Behavior\BuildLiteBehavior [ RunTime:0.000000s ]
INFO: [ app_init ] --END-- [ RunTime:0.010001s ]
ERR: 无法加载模块:Public

[ 2016-10-01T10:51:13+08:00 ] 127.0.0.1 /Public./public/Uploads/2016-09-30/57ee4c1712e0f.gif%20width=
INFO: [ app_init ] --START--
INFO: Run Behavior\BuildLiteBehavior [ RunTime:0.000000s ]
INFO: [ app_init ] --END-- [ RunTime:0.001000s ]
ERR: 无法加载模块:Public

[ 2016-10-01T10:51:13+08:00 ] 127.0.0.1 /Public./public/Uploads/2016-10-01/57ef2331809b5.jpg%20width=
INFO: [ app_init ] --START--
INFO: Run Behavior\BuildLiteBehavior [ RunTime:0.000000s ]
INFO: [ app_init ] --END-- [ RunTime:0.002000s ]
ERR: 无法加载模块:Public

[ 2016-10-01T10:54:08+08:00 ] 127.0.0.1 /Public./public/Uploads/2016-10-01/57ef2331809b5.jpg%20width=
INFO: [ app_init ] --START--
INFO: Run Behavior\BuildLiteBehavior [ RunTime:0.000000s ]
INFO: [ app_init ] --END-- [ RunTime:0.002000s ]
ERR: 无法加载模块:Public

[ 2016-10-01T10:54:08+08:00 ] 127.0.0.1 /Public./public/Uploads/2016-09-30/57ee4c1712e0f.gif%20width=
INFO: [ app_init ] --START--
INFO: Run Behavior\BuildLiteBehavior [ RunTime:0.000000s ]
INFO: [ app_init ] --END-- [ RunTime:0.002000s ]
ERR: 无法加载模块:Public

[ 2016-10-01T10:57:00+08:00 ] 127.0.0.1 /Public/public/Uploads/2016-09-30/57ee4c1712e0f.gif%20width=
INFO: [ app_init ] --START--
INFO: Run Behavior\BuildLiteBehavior [ RunTime:0.001000s ]
INFO: [ app_init ] --END-- [ RunTime:0.013001s ]
ERR: 无法加载模块:Public

[ 2016-10-01T10:57:00+08:00 ] 127.0.0.1 /Public/public/Uploads/2016-10-01/57ef2331809b5.jpg%20width=
INFO: [ app_init ] --START--
INFO: Run Behavior\BuildLiteBehavior [ RunTime:0.000000s ]
INFO: [ app_init ] --END-- [ RunTime:0.003000s ]
ERR: 无法加载模块:Public

[ 2016-10-01T10:57:03+08:00 ] 127.0.0.1 /Public/public/Uploads/2016-10-01/57ef249fe0c9a.jpg%20width=
INFO: [ app_init ] --START--
INFO: Run Behavior\BuildLiteBehavior [ RunTime:0.000000s ]
INFO: [ app_init ] --END-- [ RunTime:0.002000s ]
ERR: 无法加载模块:Public

[ 2016-10-01T10:57:03+08:00 ] 127.0.0.1 /Public/%20width=
INFO: [ app_init ] --START--
INFO: Run Behavior\BuildLiteBehavior [ RunTime:0.000000s ]
INFO: [ app_init ] --END-- [ RunTime:0.002000s ]
ERR: 无法加载模块:Public

[ 2016-10-01T10:57:06+08:00 ] 127.0.0.1 /Public/Uploads/2016-10-01/57ef254f5bfbd.jpg%20width=
INFO: [ app_init ] --START--
INFO: Run Behavior\BuildLiteBehavior [ RunTime:0.000000s ]
INFO: [ app_init ] --END-- [ RunTime:0.001000s ]
ERR: 无法加载模块:Public

[ 2016-10-01T10:57:08+08:00 ] 127.0.0.1 /Public/Uploads/2016-10-01/57ef254f5bfbd.jpg%20width=
INFO: [ app_init ] --START--
INFO: Run Behavior\BuildLiteBehavior [ RunTime:0.000000s ]
INFO: [ app_init ] --END-- [ RunTime:0.001000s ]
ERR: 无法加载模块:Public

[ 2016-10-01T10:57:33+08:00 ] 127.0.0.1 /Public/Uploads/2016-10-01/57ef254f5bfbd.jpg%20width=
INFO: [ app_init ] --START--
INFO: Run Behavior\BuildLiteBehavior [ RunTime:0.000000s ]
INFO: [ app_init ] --END-- [ RunTime:0.001000s ]
ERR: 无法加载模块:Public

