[ 2016-09-02T11:25:01+08:00 ] 127.0.0.1 /home/privilege/add
INFO: [ app_init ] --START--
INFO: Run Behavior\BuildLiteBehavior [ RunTime:0.000000s ]
INFO: [ app_init ] --END-- [ RunTime:0.108006s ]
NOTIC: [8] Use of undefined constant SHOW_PAGE_TRACE - assumed 'SHOW_PAGE_TRACE' D:\cms\Application\Home\Conf\config.php 第 5 行.
NOTIC: [8] Use of undefined constant DB_FIELD_CACHE - assumed 'DB_FIELD_CACHE' D:\cms\Application\Home\Conf\config.php 第 7 行.
NOTIC: [8] Use of undefined constant HTML_CACHE_ON - assumed 'HTML_CACHE_ON' D:\cms\Application\Home\Conf\config.php 第 9 行.
NOTIC: [8] Use of undefined constant DB_TYPE - assumed 'DB_TYPE' D:\cms\Application\Home\Conf\config.php 第 12 行.
NOTIC: [8] Use of undefined constant DB_USER - assumed 'DB_USER' D:\cms\Application\Home\Conf\config.php 第 13 行.
NOTIC: [8] Use of undefined constant DB_PWD - assumed 'DB_PWD' D:\cms\Application\Home\Conf\config.php 第 14 行.
NOTIC: [8] Use of undefined constant DB_PREFIX - assumed 'DB_PREFIX' D:\cms\Application\Home\Conf\config.php 第 15 行.
NOTIC: [8] Use of undefined constant DB_DSN - assumed 'DB_DSN' D:\cms\Application\Home\Conf\config.php 第 16 行.
NOTIC: [8] Use of undefined constant LOAD_EXT_CONFIG - assumed 'LOAD_EXT_CONFIG' D:\cms\Application\Home\Conf\config.php 第 18 行.

[ 2016-09-02T11:25:02+08:00 ] 127.0.0.1 /home/privilege/Images/content_bg.gif
INFO: [ app_init ] --START--
INFO: Run Behavior\BuildLiteBehavior [ RunTime:0.000000s ]
INFO: [ app_init ] --END-- [ RunTime:0.001000s ]
NOTIC: [8] Use of undefined constant SHOW_PAGE_TRACE - assumed 'SHOW_PAGE_TRACE' D:\cms\Application\Home\Conf\config.php 第 5 行.
NOTIC: [8] Use of undefined constant DB_FIELD_CACHE - assumed 'DB_FIELD_CACHE' D:\cms\Application\Home\Conf\config.php 第 7 行.
NOTIC: [8] Use of undefined constant HTML_CACHE_ON - assumed 'HTML_CACHE_ON' D:\cms\Application\Home\Conf\config.php 第 9 行.
NOTIC: [8] Use of undefined constant DB_TYPE - assumed 'DB_TYPE' D:\cms\Application\Home\Conf\config.php 第 12 行.
NOTIC: [8] Use of undefined constant DB_USER - assumed 'DB_USER' D:\cms\Application\Home\Conf\config.php 第 13 行.
NOTIC: [8] Use of undefined constant DB_PWD - assumed 'DB_PWD' D:\cms\Application\Home\Conf\config.php 第 14 行.
NOTIC: [8] Use of undefined constant DB_PREFIX - assumed 'DB_PREFIX' D:\cms\Application\Home\Conf\config.php 第 15 行.
NOTIC: [8] Use of undefined constant DB_DSN - assumed 'DB_DSN' D:\cms\Application\Home\Conf\config.php 第 16 行.
NOTIC: [8] Use of undefined constant LOAD_EXT_CONFIG - assumed 'LOAD_EXT_CONFIG' D:\cms\Application\Home\Conf\config.php 第 18 行.

[ 2016-09-02T11:25:01+08:00 ] 127.0.0.1 /home/privilege/Images/content_bg.gif
INFO: [ app_init ] --START--
INFO: Run Behavior\BuildLiteBehavior [ RunTime:0.000000s ]
INFO: [ app_init ] --END-- [ RunTime:0.001000s ]
NOTIC: [8] Use of undefined constant SHOW_PAGE_TRACE - assumed 'SHOW_PAGE_TRACE' D:\cms\Application\Home\Conf\config.php 第 5 行.
NOTIC: [8] Use of undefined constant DB_FIELD_CACHE - assumed 'DB_FIELD_CACHE' D:\cms\Application\Home\Conf\config.php 第 7 行.
NOTIC: [8] Use of undefined constant HTML_CACHE_ON - assumed 'HTML_CACHE_ON' D:\cms\Application\Home\Conf\config.php 第 9 行.
NOTIC: [8] Use of undefined constant DB_TYPE - assumed 'DB_TYPE' D:\cms\Application\Home\Conf\config.php 第 12 行.
NOTIC: [8] Use of undefined constant DB_USER - assumed 'DB_USER' D:\cms\Application\Home\Conf\config.php 第 13 行.
NOTIC: [8] Use of undefined constant DB_PWD - assumed 'DB_PWD' D:\cms\Application\Home\Conf\config.php 第 14 行.
NOTIC: [8] Use of undefined constant DB_PREFIX - assumed 'DB_PREFIX' D:\cms\Application\Home\Conf\config.php 第 15 行.
NOTIC: [8] Use of undefined constant DB_DSN - assumed 'DB_DSN' D:\cms\Application\Home\Conf\config.php 第 16 行.
NOTIC: [8] Use of undefined constant LOAD_EXT_CONFIG - assumed 'LOAD_EXT_CONFIG' D:\cms\Application\Home\Conf\config.php 第 18 行.

[ 2016-09-02T11:27:35+08:00 ] 127.0.0.1 /home/privilege/add
INFO: [ app_init ] --START--
INFO: Run Behavior\BuildLiteBehavior [ RunTime:0.000000s ]
INFO: [ app_init ] --END-- [ RunTime:0.001000s ]
NOTIC: [8] Use of undefined constant SHOW_PAGE_TRACE - assumed 'SHOW_PAGE_TRACE' D:\cms\Application\Home\Conf\config.php 第 5 行.
NOTIC: [8] Use of undefined constant DB_FIELD_CACHE - assumed 'DB_FIELD_CACHE' D:\cms\Application\Home\Conf\config.php 第 7 行.
NOTIC: [8] Use of undefined constant HTML_CACHE_ON - assumed 'HTML_CACHE_ON' D:\cms\Application\Home\Conf\config.php 第 9 行.
NOTIC: [8] Use of undefined constant DB_TYPE - assumed 'DB_TYPE' D:\cms\Application\Home\Conf\config.php 第 12 行.
NOTIC: [8] Use of undefined constant DB_USER - assumed 'DB_USER' D:\cms\Application\Home\Conf\config.php 第 13 行.
NOTIC: [8] Use of undefined constant DB_PWD - assumed 'DB_PWD' D:\cms\Application\Home\Conf\config.php 第 14 行.
NOTIC: [8] Use of undefined constant DB_PREFIX - assumed 'DB_PREFIX' D:\cms\Application\Home\Conf\config.php 第 15 行.
NOTIC: [8] Use of undefined constant DB_DSN - assumed 'DB_DSN' D:\cms\Application\Home\Conf\config.php 第 16 行.
NOTIC: [8] Use of undefined constant LOAD_EXT_CONFIG - assumed 'LOAD_EXT_CONFIG' D:\cms\Application\Home\Conf\config.php 第 18 行.

[ 2016-09-02T11:27:35+08:00 ] 127.0.0.1 /home/privilege/Images/content_bg.gif
INFO: [ app_init ] --START--
INFO: Run Behavior\BuildLiteBehavior [ RunTime:0.000000s ]
INFO: [ app_init ] --END-- [ RunTime:0.001000s ]
NOTIC: [8] Use of undefined constant SHOW_PAGE_TRACE - assumed 'SHOW_PAGE_TRACE' D:\cms\Application\Home\Conf\config.php 第 5 行.
NOTIC: [8] Use of undefined constant DB_FIELD_CACHE - assumed 'DB_FIELD_CACHE' D:\cms\Application\Home\Conf\config.php 第 7 行.
NOTIC: [8] Use of undefined constant HTML_CACHE_ON - assumed 'HTML_CACHE_ON' D:\cms\Application\Home\Conf\config.php 第 9 行.
NOTIC: [8] Use of undefined constant DB_TYPE - assumed 'DB_TYPE' D:\cms\Application\Home\Conf\config.php 第 12 行.
NOTIC: [8] Use of undefined constant DB_USER - assumed 'DB_USER' D:\cms\Application\Home\Conf\config.php 第 13 行.
NOTIC: [8] Use of undefined constant DB_PWD - assumed 'DB_PWD' D:\cms\Application\Home\Conf\config.php 第 14 行.
NOTIC: [8] Use of undefined constant DB_PREFIX - assumed 'DB_PREFIX' D:\cms\Application\Home\Conf\config.php 第 15 行.
NOTIC: [8] Use of undefined constant DB_DSN - assumed 'DB_DSN' D:\cms\Application\Home\Conf\config.php 第 16 行.
NOTIC: [8] Use of undefined constant LOAD_EXT_CONFIG - assumed 'LOAD_EXT_CONFIG' D:\cms\Application\Home\Conf\config.php 第 18 行.

[ 2016-09-02T11:27:43+08:00 ] 127.0.0.1 /home/privilege/add
INFO: [ app_init ] --START--
INFO: Run Behavior\BuildLiteBehavior [ RunTime:0.000000s ]
INFO: [ app_init ] --END-- [ RunTime:0.001000s ]
NOTIC: [8] Use of undefined constant SHOW_PAGE_TRACE - assumed 'SHOW_PAGE_TRACE' D:\cms\Application\Home\Conf\config.php 第 5 行.
NOTIC: [8] Use of undefined constant DB_FIELD_CACHE - assumed 'DB_FIELD_CACHE' D:\cms\Application\Home\Conf\config.php 第 7 行.
NOTIC: [8] Use of undefined constant HTML_CACHE_ON - assumed 'HTML_CACHE_ON' D:\cms\Application\Home\Conf\config.php 第 9 行.
NOTIC: [8] Use of undefined constant DB_TYPE - assumed 'DB_TYPE' D:\cms\Application\Home\Conf\config.php 第 12 行.
NOTIC: [8] Use of undefined constant DB_USER - assumed 'DB_USER' D:\cms\Application\Home\Conf\config.php 第 13 行.
NOTIC: [8] Use of undefined constant DB_PWD - assumed 'DB_PWD' D:\cms\Application\Home\Conf\config.php 第 14 行.
NOTIC: [8] Use of undefined constant DB_PREFIX - assumed 'DB_PREFIX' D:\cms\Application\Home\Conf\config.php 第 15 行.
NOTIC: [8] Use of undefined constant DB_DSN - assumed 'DB_DSN' D:\cms\Application\Home\Conf\config.php 第 16 行.
NOTIC: [8] Use of undefined constant LOAD_EXT_CONFIG - assumed 'LOAD_EXT_CONFIG' D:\cms\Application\Home\Conf\config.php 第 18 行.

[ 2016-09-02T11:27:46+08:00 ] 127.0.0.1 /home/privilege/Images/content_bg.gif
INFO: [ app_init ] --START--
INFO: Run Behavior\BuildLiteBehavior [ RunTime:0.001000s ]
INFO: [ app_init ] --END-- [ RunTime:0.001000s ]
NOTIC: [8] Use of undefined constant SHOW_PAGE_TRACE - assumed 'SHOW_PAGE_TRACE' D:\cms\Application\Home\Conf\config.php 第 5 行.
NOTIC: [8] Use of undefined constant DB_FIELD_CACHE - assumed 'DB_FIELD_CACHE' D:\cms\Application\Home\Conf\config.php 第 7 行.
NOTIC: [8] Use of undefined constant HTML_CACHE_ON - assumed 'HTML_CACHE_ON' D:\cms\Application\Home\Conf\config.php 第 9 行.
NOTIC: [8] Use of undefined constant DB_TYPE - assumed 'DB_TYPE' D:\cms\Application\Home\Conf\config.php 第 12 行.
NOTIC: [8] Use of undefined constant DB_USER - assumed 'DB_USER' D:\cms\Application\Home\Conf\config.php 第 13 行.
NOTIC: [8] Use of undefined constant DB_PWD - assumed 'DB_PWD' D:\cms\Application\Home\Conf\config.php 第 14 行.
NOTIC: [8] Use of undefined constant DB_PREFIX - assumed 'DB_PREFIX' D:\cms\Application\Home\Conf\config.php 第 15 行.
NOTIC: [8] Use of undefined constant DB_DSN - assumed 'DB_DSN' D:\cms\Application\Home\Conf\config.php 第 16 行.
NOTIC: [8] Use of undefined constant LOAD_EXT_CONFIG - assumed 'LOAD_EXT_CONFIG' D:\cms\Application\Home\Conf\config.php 第 18 行.

[ 2016-09-02T11:27:53+08:00 ] 127.0.0.1 /home/privilege/add
INFO: [ app_init ] --START--
INFO: Run Behavior\BuildLiteBehavior [ RunTime:0.000000s ]
INFO: [ app_init ] --END-- [ RunTime:0.001000s ]
NOTIC: [8] Use of undefined constant SHOW_PAGE_TRACE - assumed 'SHOW_PAGE_TRACE' D:\cms\Application\Home\Conf\config.php 第 5 行.
NOTIC: [8] Use of undefined constant DB_FIELD_CACHE - assumed 'DB_FIELD_CACHE' D:\cms\Application\Home\Conf\config.php 第 7 行.
NOTIC: [8] Use of undefined constant HTML_CACHE_ON - assumed 'HTML_CACHE_ON' D:\cms\Application\Home\Conf\config.php 第 9 行.
NOTIC: [8] Use of undefined constant DB_TYPE - assumed 'DB_TYPE' D:\cms\Application\Home\Conf\config.php 第 12 行.
NOTIC: [8] Use of undefined constant DB_USER - assumed 'DB_USER' D:\cms\Application\Home\Conf\config.php 第 13 行.
NOTIC: [8] Use of undefined constant DB_PWD - assumed 'DB_PWD' D:\cms\Application\Home\Conf\config.php 第 14 行.
NOTIC: [8] Use of undefined constant DB_PREFIX - assumed 'DB_PREFIX' D:\cms\Application\Home\Conf\config.php 第 15 行.
NOTIC: [8] Use of undefined constant DB_DSN - assumed 'DB_DSN' D:\cms\Application\Home\Conf\config.php 第 16 行.
NOTIC: [8] Use of undefined constant LOAD_EXT_CONFIG - assumed 'LOAD_EXT_CONFIG' D:\cms\Application\Home\Conf\config.php 第 18 行.

[ 2016-09-02T11:27:56+08:00 ] 127.0.0.1 /home/privilege/Images/content_bg.gif
INFO: [ app_init ] --START--
INFO: Run Behavior\BuildLiteBehavior [ RunTime:0.001000s ]
INFO: [ app_init ] --END-- [ RunTime:0.001000s ]
NOTIC: [8] Use of undefined constant SHOW_PAGE_TRACE - assumed 'SHOW_PAGE_TRACE' D:\cms\Application\Home\Conf\config.php 第 5 行.
NOTIC: [8] Use of undefined constant DB_FIELD_CACHE - assumed 'DB_FIELD_CACHE' D:\cms\Application\Home\Conf\config.php 第 7 行.
NOTIC: [8] Use of undefined constant HTML_CACHE_ON - assumed 'HTML_CACHE_ON' D:\cms\Application\Home\Conf\config.php 第 9 行.
NOTIC: [8] Use of undefined constant DB_TYPE - assumed 'DB_TYPE' D:\cms\Application\Home\Conf\config.php 第 12 行.
NOTIC: [8] Use of undefined constant DB_USER - assumed 'DB_USER' D:\cms\Application\Home\Conf\config.php 第 13 行.
NOTIC: [8] Use of undefined constant DB_PWD - assumed 'DB_PWD' D:\cms\Application\Home\Conf\config.php 第 14 行.
NOTIC: [8] Use of undefined constant DB_PREFIX - assumed 'DB_PREFIX' D:\cms\Application\Home\Conf\config.php 第 15 行.
NOTIC: [8] Use of undefined constant DB_DSN - assumed 'DB_DSN' D:\cms\Application\Home\Conf\config.php 第 16 行.
NOTIC: [8] Use of undefined constant LOAD_EXT_CONFIG - assumed 'LOAD_EXT_CONFIG' D:\cms\Application\Home\Conf\config.php 第 18 行.

[ 2016-09-02T11:29:13+08:00 ] 127.0.0.1 /home/privilege/add
INFO: [ app_init ] --START--
INFO: Run Behavior\BuildLiteBehavior [ RunTime:0.000000s ]
INFO: [ app_init ] --END-- [ RunTime:0.001000s ]
NOTIC: [8] Use of undefined constant SHOW_PAGE_TRACE - assumed 'SHOW_PAGE_TRACE' D:\cms\Application\Home\Conf\config.php 第 5 行.
NOTIC: [8] Use of undefined constant DB_FIELD_CACHE - assumed 'DB_FIELD_CACHE' D:\cms\Application\Home\Conf\config.php 第 7 行.
NOTIC: [8] Use of undefined constant HTML_CACHE_ON - assumed 'HTML_CACHE_ON' D:\cms\Application\Home\Conf\config.php 第 9 行.
NOTIC: [8] Use of undefined constant DB_TYPE - assumed 'DB_TYPE' D:\cms\Application\Home\Conf\config.php 第 12 行.
NOTIC: [8] Use of undefined constant DB_USER - assumed 'DB_USER' D:\cms\Application\Home\Conf\config.php 第 13 行.
NOTIC: [8] Use of undefined constant DB_PWD - assumed 'DB_PWD' D:\cms\Application\Home\Conf\config.php 第 14 行.
NOTIC: [8] Use of undefined constant DB_PREFIX - assumed 'DB_PREFIX' D:\cms\Application\Home\Conf\config.php 第 15 行.
NOTIC: [8] Use of undefined constant DB_DSN - assumed 'DB_DSN' D:\cms\Application\Home\Conf\config.php 第 16 行.
NOTIC: [8] Use of undefined constant LOAD_EXT_CONFIG - assumed 'LOAD_EXT_CONFIG' D:\cms\Application\Home\Conf\config.php 第 18 行.

[ 2016-09-02T11:29:16+08:00 ] 127.0.0.1 /home/privilege/Images/content_bg.gif
INFO: [ app_init ] --START--
INFO: Run Behavior\BuildLiteBehavior [ RunTime:0.000000s ]
INFO: [ app_init ] --END-- [ RunTime:0.001000s ]
NOTIC: [8] Use of undefined constant SHOW_PAGE_TRACE - assumed 'SHOW_PAGE_TRACE' D:\cms\Application\Home\Conf\config.php 第 5 行.
NOTIC: [8] Use of undefined constant DB_FIELD_CACHE - assumed 'DB_FIELD_CACHE' D:\cms\Application\Home\Conf\config.php 第 7 行.
NOTIC: [8] Use of undefined constant HTML_CACHE_ON - assumed 'HTML_CACHE_ON' D:\cms\Application\Home\Conf\config.php 第 9 行.
NOTIC: [8] Use of undefined constant DB_TYPE - assumed 'DB_TYPE' D:\cms\Application\Home\Conf\config.php 第 12 行.
NOTIC: [8] Use of undefined constant DB_USER - assumed 'DB_USER' D:\cms\Application\Home\Conf\config.php 第 13 行.
NOTIC: [8] Use of undefined constant DB_PWD - assumed 'DB_PWD' D:\cms\Application\Home\Conf\config.php 第 14 行.
NOTIC: [8] Use of undefined constant DB_PREFIX - assumed 'DB_PREFIX' D:\cms\Application\Home\Conf\config.php 第 15 行.
NOTIC: [8] Use of undefined constant DB_DSN - assumed 'DB_DSN' D:\cms\Application\Home\Conf\config.php 第 16 行.
NOTIC: [8] Use of undefined constant LOAD_EXT_CONFIG - assumed 'LOAD_EXT_CONFIG' D:\cms\Application\Home\Conf\config.php 第 18 行.

[ 2016-09-02T11:29:42+08:00 ] 127.0.0.1 /home/privilege/add
INFO: [ app_init ] --START--
INFO: Run Behavior\BuildLiteBehavior [ RunTime:0.000000s ]
INFO: [ app_init ] --END-- [ RunTime:0.002000s ]
NOTIC: [8] Use of undefined constant SHOW_PAGE_TRACE - assumed 'SHOW_PAGE_TRACE' D:\cms\Application\Home\Conf\config.php 第 5 行.
NOTIC: [8] Use of undefined constant DB_FIELD_CACHE - assumed 'DB_FIELD_CACHE' D:\cms\Application\Home\Conf\config.php 第 7 行.
NOTIC: [8] Use of undefined constant HTML_CACHE_ON - assumed 'HTML_CACHE_ON' D:\cms\Application\Home\Conf\config.php 第 9 行.
NOTIC: [8] Use of undefined constant DB_TYPE - assumed 'DB_TYPE' D:\cms\Application\Home\Conf\config.php 第 12 行.
NOTIC: [8] Use of undefined constant DB_USER - assumed 'DB_USER' D:\cms\Application\Home\Conf\config.php 第 13 行.
NOTIC: [8] Use of undefined constant DB_PWD - assumed 'DB_PWD' D:\cms\Application\Home\Conf\config.php 第 14 行.
NOTIC: [8] Use of undefined constant DB_PREFIX - assumed 'DB_PREFIX' D:\cms\Application\Home\Conf\config.php 第 15 行.
NOTIC: [8] Use of undefined constant DB_DSN - assumed 'DB_DSN' D:\cms\Application\Home\Conf\config.php 第 16 行.
NOTIC: [8] Use of undefined constant LOAD_EXT_CONFIG - assumed 'LOAD_EXT_CONFIG' D:\cms\Application\Home\Conf\config.php 第 18 行.

[ 2016-09-02T11:30:50+08:00 ] 127.0.0.1 /home/privilege/add
INFO: [ app_init ] --START--
INFO: Run Behavior\BuildLiteBehavior [ RunTime:0.000000s ]
INFO: [ app_init ] --END-- [ RunTime:0.002001s ]
NOTIC: [8] Use of undefined constant SHOW_PAGE_TRACE - assumed 'SHOW_PAGE_TRACE' D:\cms\Application\Home\Conf\config.php 第 5 行.
NOTIC: [8] Use of undefined constant DB_FIELD_CACHE - assumed 'DB_FIELD_CACHE' D:\cms\Application\Home\Conf\config.php 第 7 行.
NOTIC: [8] Use of undefined constant HTML_CACHE_ON - assumed 'HTML_CACHE_ON' D:\cms\Application\Home\Conf\config.php 第 9 行.
NOTIC: [8] Use of undefined constant DB_TYPE - assumed 'DB_TYPE' D:\cms\Application\Home\Conf\config.php 第 12 行.
NOTIC: [8] Use of undefined constant DB_USER - assumed 'DB_USER' D:\cms\Application\Home\Conf\config.php 第 13 行.
NOTIC: [8] Use of undefined constant DB_PWD - assumed 'DB_PWD' D:\cms\Application\Home\Conf\config.php 第 14 行.
NOTIC: [8] Use of undefined constant DB_PREFIX - assumed 'DB_PREFIX' D:\cms\Application\Home\Conf\config.php 第 15 行.
NOTIC: [8] Use of undefined constant DB_DSN - assumed 'DB_DSN' D:\cms\Application\Home\Conf\config.php 第 16 行.
NOTIC: [8] Use of undefined constant LOAD_EXT_CONFIG - assumed 'LOAD_EXT_CONFIG' D:\cms\Application\Home\Conf\config.php 第 18 行.

[ 2016-09-02T11:30:50+08:00 ] 127.0.0.1 /home/privilege/Images/content_bg.gif
INFO: [ app_init ] --START--
INFO: Run Behavior\BuildLiteBehavior [ RunTime:0.000000s ]
INFO: [ app_init ] --END-- [ RunTime:0.001000s ]
NOTIC: [8] Use of undefined constant SHOW_PAGE_TRACE - assumed 'SHOW_PAGE_TRACE' D:\cms\Application\Home\Conf\config.php 第 5 行.
NOTIC: [8] Use of undefined constant DB_FIELD_CACHE - assumed 'DB_FIELD_CACHE' D:\cms\Application\Home\Conf\config.php 第 7 行.
NOTIC: [8] Use of undefined constant HTML_CACHE_ON - assumed 'HTML_CACHE_ON' D:\cms\Application\Home\Conf\config.php 第 9 行.
NOTIC: [8] Use of undefined constant DB_TYPE - assumed 'DB_TYPE' D:\cms\Application\Home\Conf\config.php 第 12 行.
NOTIC: [8] Use of undefined constant DB_USER - assumed 'DB_USER' D:\cms\Application\Home\Conf\config.php 第 13 行.
NOTIC: [8] Use of undefined constant DB_PWD - assumed 'DB_PWD' D:\cms\Application\Home\Conf\config.php 第 14 行.
NOTIC: [8] Use of undefined constant DB_PREFIX - assumed 'DB_PREFIX' D:\cms\Application\Home\Conf\config.php 第 15 行.
NOTIC: [8] Use of undefined constant DB_DSN - assumed 'DB_DSN' D:\cms\Application\Home\Conf\config.php 第 16 行.
NOTIC: [8] Use of undefined constant LOAD_EXT_CONFIG - assumed 'LOAD_EXT_CONFIG' D:\cms\Application\Home\Conf\config.php 第 18 行.

[ 2016-09-02T11:30:58+08:00 ] 127.0.0.1 /home/privilege/add
INFO: [ app_init ] --START--
INFO: Run Behavior\BuildLiteBehavior [ RunTime:0.000000s ]
INFO: [ app_init ] --END-- [ RunTime:0.001000s ]
NOTIC: [8] Use of undefined constant SHOW_PAGE_TRACE - assumed 'SHOW_PAGE_TRACE' D:\cms\Application\Home\Conf\config.php 第 5 行.
NOTIC: [8] Use of undefined constant DB_FIELD_CACHE - assumed 'DB_FIELD_CACHE' D:\cms\Application\Home\Conf\config.php 第 7 行.
NOTIC: [8] Use of undefined constant HTML_CACHE_ON - assumed 'HTML_CACHE_ON' D:\cms\Application\Home\Conf\config.php 第 9 行.
NOTIC: [8] Use of undefined constant DB_TYPE - assumed 'DB_TYPE' D:\cms\Application\Home\Conf\config.php 第 12 行.
NOTIC: [8] Use of undefined constant DB_USER - assumed 'DB_USER' D:\cms\Application\Home\Conf\config.php 第 13 行.
NOTIC: [8] Use of undefined constant DB_PWD - assumed 'DB_PWD' D:\cms\Application\Home\Conf\config.php 第 14 行.
NOTIC: [8] Use of undefined constant DB_PREFIX - assumed 'DB_PREFIX' D:\cms\Application\Home\Conf\config.php 第 15 行.
NOTIC: [8] Use of undefined constant DB_DSN - assumed 'DB_DSN' D:\cms\Application\Home\Conf\config.php 第 16 行.
NOTIC: [8] Use of undefined constant LOAD_EXT_CONFIG - assumed 'LOAD_EXT_CONFIG' D:\cms\Application\Home\Conf\config.php 第 18 行.

[ 2016-09-02T11:31:10+08:00 ] 127.0.0.1 /home/privilege/add
INFO: [ app_init ] --START--
INFO: Run Behavior\BuildLiteBehavior [ RunTime:0.000000s ]
INFO: [ app_init ] --END-- [ RunTime:0.001000s ]
NOTIC: [8] Use of undefined constant SHOW_PAGE_TRACE - assumed 'SHOW_PAGE_TRACE' D:\cms\Application\Home\Conf\config.php 第 5 行.
NOTIC: [8] Use of undefined constant DB_FIELD_CACHE - assumed 'DB_FIELD_CACHE' D:\cms\Application\Home\Conf\config.php 第 7 行.
NOTIC: [8] Use of undefined constant HTML_CACHE_ON - assumed 'HTML_CACHE_ON' D:\cms\Application\Home\Conf\config.php 第 9 行.
NOTIC: [8] Use of undefined constant DB_TYPE - assumed 'DB_TYPE' D:\cms\Application\Home\Conf\config.php 第 12 行.
NOTIC: [8] Use of undefined constant DB_USER - assumed 'DB_USER' D:\cms\Application\Home\Conf\config.php 第 13 行.
NOTIC: [8] Use of undefined constant DB_PWD - assumed 'DB_PWD' D:\cms\Application\Home\Conf\config.php 第 14 行.
NOTIC: [8] Use of undefined constant DB_PREFIX - assumed 'DB_PREFIX' D:\cms\Application\Home\Conf\config.php 第 15 行.
NOTIC: [8] Use of undefined constant DB_DSN - assumed 'DB_DSN' D:\cms\Application\Home\Conf\config.php 第 16 行.
NOTIC: [8] Use of undefined constant LOAD_EXT_CONFIG - assumed 'LOAD_EXT_CONFIG' D:\cms\Application\Home\Conf\config.php 第 18 行.

[ 2016-09-02T11:31:10+08:00 ] 127.0.0.1 /home/privilege/Images/content_bg.gif
INFO: [ app_init ] --START--
INFO: Run Behavior\BuildLiteBehavior [ RunTime:0.000000s ]
INFO: [ app_init ] --END-- [ RunTime:0.001001s ]
NOTIC: [8] Use of undefined constant SHOW_PAGE_TRACE - assumed 'SHOW_PAGE_TRACE' D:\cms\Application\Home\Conf\config.php 第 5 行.
NOTIC: [8] Use of undefined constant DB_FIELD_CACHE - assumed 'DB_FIELD_CACHE' D:\cms\Application\Home\Conf\config.php 第 7 行.
NOTIC: [8] Use of undefined constant HTML_CACHE_ON - assumed 'HTML_CACHE_ON' D:\cms\Application\Home\Conf\config.php 第 9 行.
NOTIC: [8] Use of undefined constant DB_TYPE - assumed 'DB_TYPE' D:\cms\Application\Home\Conf\config.php 第 12 行.
NOTIC: [8] Use of undefined constant DB_USER - assumed 'DB_USER' D:\cms\Application\Home\Conf\config.php 第 13 行.
NOTIC: [8] Use of undefined constant DB_PWD - assumed 'DB_PWD' D:\cms\Application\Home\Conf\config.php 第 14 行.
NOTIC: [8] Use of undefined constant DB_PREFIX - assumed 'DB_PREFIX' D:\cms\Application\Home\Conf\config.php 第 15 行.
NOTIC: [8] Use of undefined constant DB_DSN - assumed 'DB_DSN' D:\cms\Application\Home\Conf\config.php 第 16 行.
NOTIC: [8] Use of undefined constant LOAD_EXT_CONFIG - assumed 'LOAD_EXT_CONFIG' D:\cms\Application\Home\Conf\config.php 第 18 行.

[ 2016-09-02T11:32:06+08:00 ] 127.0.0.1 /home/privilege/add
INFO: [ app_init ] --START--
INFO: Run Behavior\BuildLiteBehavior [ RunTime:0.000000s ]
INFO: [ app_init ] --END-- [ RunTime:0.000000s ]
NOTIC: [8] Use of undefined constant SHOW_PAGE_TRACE - assumed 'SHOW_PAGE_TRACE' D:\cms\Application\Home\Conf\config.php 第 5 行.
NOTIC: [8] Use of undefined constant DB_FIELD_CACHE - assumed 'DB_FIELD_CACHE' D:\cms\Application\Home\Conf\config.php 第 7 行.
NOTIC: [8] Use of undefined constant HTML_CACHE_ON - assumed 'HTML_CACHE_ON' D:\cms\Application\Home\Conf\config.php 第 9 行.
NOTIC: [8] Use of undefined constant DB_TYPE - assumed 'DB_TYPE' D:\cms\Application\Home\Conf\config.php 第 12 行.
NOTIC: [8] Use of undefined constant DB_USER - assumed 'DB_USER' D:\cms\Application\Home\Conf\config.php 第 13 行.
NOTIC: [8] Use of undefined constant DB_PWD - assumed 'DB_PWD' D:\cms\Application\Home\Conf\config.php 第 14 行.
NOTIC: [8] Use of undefined constant DB_PREFIX - assumed 'DB_PREFIX' D:\cms\Application\Home\Conf\config.php 第 15 行.
NOTIC: [8] Use of undefined constant DB_DSN - assumed 'DB_DSN' D:\cms\Application\Home\Conf\config.php 第 16 行.
NOTIC: [8] Use of undefined constant LOAD_EXT_CONFIG - assumed 'LOAD_EXT_CONFIG' D:\cms\Application\Home\Conf\config.php 第 18 行.

[ 2016-09-02T11:33:55+08:00 ] 127.0.0.1 /home/privilege/add
INFO: [ app_init ] --START--
INFO: Run Behavior\BuildLiteBehavior [ RunTime:0.000000s ]
INFO: [ app_init ] --END-- [ RunTime:0.001000s ]
NOTIC: [8] Use of undefined constant SHOW_PAGE_TRACE - assumed 'SHOW_PAGE_TRACE' D:\cms\Application\Home\Conf\config.php 第 5 行.
NOTIC: [8] Use of undefined constant DB_FIELD_CACHE - assumed 'DB_FIELD_CACHE' D:\cms\Application\Home\Conf\config.php 第 7 行.
NOTIC: [8] Use of undefined constant HTML_CACHE_ON - assumed 'HTML_CACHE_ON' D:\cms\Application\Home\Conf\config.php 第 9 行.
NOTIC: [8] Use of undefined constant DB_TYPE - assumed 'DB_TYPE' D:\cms\Application\Home\Conf\config.php 第 12 行.
NOTIC: [8] Use of undefined constant DB_USER - assumed 'DB_USER' D:\cms\Application\Home\Conf\config.php 第 13 行.
NOTIC: [8] Use of undefined constant DB_PWD - assumed 'DB_PWD' D:\cms\Application\Home\Conf\config.php 第 14 行.
NOTIC: [8] Use of undefined constant DB_PREFIX - assumed 'DB_PREFIX' D:\cms\Application\Home\Conf\config.php 第 15 行.
NOTIC: [8] Use of undefined constant DB_DSN - assumed 'DB_DSN' D:\cms\Application\Home\Conf\config.php 第 16 行.
NOTIC: [8] Use of undefined constant LOAD_EXT_CONFIG - assumed 'LOAD_EXT_CONFIG' D:\cms\Application\Home\Conf\config.php 第 18 行.

[ 2016-09-02T11:34:10+08:00 ] 127.0.0.1 /home/privilege/add
INFO: [ app_init ] --START--
INFO: Run Behavior\BuildLiteBehavior [ RunTime:0.000000s ]
INFO: [ app_init ] --END-- [ RunTime:0.001000s ]
NOTIC: [8] Use of undefined constant SHOW_PAGE_TRACE - assumed 'SHOW_PAGE_TRACE' D:\cms\Application\Home\Conf\config.php 第 5 行.
NOTIC: [8] Use of undefined constant DB_FIELD_CACHE - assumed 'DB_FIELD_CACHE' D:\cms\Application\Home\Conf\config.php 第 7 行.
NOTIC: [8] Use of undefined constant HTML_CACHE_ON - assumed 'HTML_CACHE_ON' D:\cms\Application\Home\Conf\config.php 第 9 行.
NOTIC: [8] Use of undefined constant DB_TYPE - assumed 'DB_TYPE' D:\cms\Application\Home\Conf\config.php 第 12 行.
NOTIC: [8] Use of undefined constant DB_USER - assumed 'DB_USER' D:\cms\Application\Home\Conf\config.php 第 13 行.
NOTIC: [8] Use of undefined constant DB_PWD - assumed 'DB_PWD' D:\cms\Application\Home\Conf\config.php 第 14 行.
NOTIC: [8] Use of undefined constant DB_PREFIX - assumed 'DB_PREFIX' D:\cms\Application\Home\Conf\config.php 第 15 行.
NOTIC: [8] Use of undefined constant DB_DSN - assumed 'DB_DSN' D:\cms\Application\Home\Conf\config.php 第 16 行.
NOTIC: [8] Use of undefined constant LOAD_EXT_CONFIG - assumed 'LOAD_EXT_CONFIG' D:\cms\Application\Home\Conf\config.php 第 18 行.

[ 2016-09-02T11:34:13+08:00 ] 127.0.0.1 /home/privilege/privilege/add
INFO: [ app_init ] --START--
INFO: Run Behavior\BuildLiteBehavior [ RunTime:0.000000s ]
INFO: [ app_init ] --END-- [ RunTime:0.001000s ]
NOTIC: [8] Use of undefined constant SHOW_PAGE_TRACE - assumed 'SHOW_PAGE_TRACE' D:\cms\Application\Home\Conf\config.php 第 5 行.
NOTIC: [8] Use of undefined constant DB_FIELD_CACHE - assumed 'DB_FIELD_CACHE' D:\cms\Application\Home\Conf\config.php 第 7 行.
NOTIC: [8] Use of undefined constant HTML_CACHE_ON - assumed 'HTML_CACHE_ON' D:\cms\Application\Home\Conf\config.php 第 9 行.
NOTIC: [8] Use of undefined constant DB_TYPE - assumed 'DB_TYPE' D:\cms\Application\Home\Conf\config.php 第 12 行.
NOTIC: [8] Use of undefined constant DB_USER - assumed 'DB_USER' D:\cms\Application\Home\Conf\config.php 第 13 行.
NOTIC: [8] Use of undefined constant DB_PWD - assumed 'DB_PWD' D:\cms\Application\Home\Conf\config.php 第 14 行.
NOTIC: [8] Use of undefined constant DB_PREFIX - assumed 'DB_PREFIX' D:\cms\Application\Home\Conf\config.php 第 15 行.
NOTIC: [8] Use of undefined constant DB_DSN - assumed 'DB_DSN' D:\cms\Application\Home\Conf\config.php 第 16 行.
NOTIC: [8] Use of undefined constant LOAD_EXT_CONFIG - assumed 'LOAD_EXT_CONFIG' D:\cms\Application\Home\Conf\config.php 第 18 行.
ERR: 非法操作:privilege

[ 2016-09-02T11:35:18+08:00 ] 127.0.0.1 /home/privilege/add
INFO: [ app_init ] --START--
INFO: Run Behavior\BuildLiteBehavior [ RunTime:0.000000s ]
INFO: [ app_init ] --END-- [ RunTime:0.001000s ]
NOTIC: [8] Use of undefined constant SHOW_PAGE_TRACE - assumed 'SHOW_PAGE_TRACE' D:\cms\Application\Home\Conf\config.php 第 5 行.
NOTIC: [8] Use of undefined constant DB_FIELD_CACHE - assumed 'DB_FIELD_CACHE' D:\cms\Application\Home\Conf\config.php 第 7 行.
NOTIC: [8] Use of undefined constant HTML_CACHE_ON - assumed 'HTML_CACHE_ON' D:\cms\Application\Home\Conf\config.php 第 9 行.
NOTIC: [8] Use of undefined constant DB_TYPE - assumed 'DB_TYPE' D:\cms\Application\Home\Conf\config.php 第 12 行.
NOTIC: [8] Use of undefined constant DB_USER - assumed 'DB_USER' D:\cms\Application\Home\Conf\config.php 第 13 行.
NOTIC: [8] Use of undefined constant DB_PWD - assumed 'DB_PWD' D:\cms\Application\Home\Conf\config.php 第 14 行.
NOTIC: [8] Use of undefined constant DB_PREFIX - assumed 'DB_PREFIX' D:\cms\Application\Home\Conf\config.php 第 15 行.
NOTIC: [8] Use of undefined constant DB_DSN - assumed 'DB_DSN' D:\cms\Application\Home\Conf\config.php 第 16 行.
NOTIC: [8] Use of undefined constant LOAD_EXT_CONFIG - assumed 'LOAD_EXT_CONFIG' D:\cms\Application\Home\Conf\config.php 第 18 行.

[ 2016-09-02T11:35:18+08:00 ] 127.0.0.1 /home/privilege/Images/content_bg.gif
INFO: [ app_init ] --START--
INFO: Run Behavior\BuildLiteBehavior [ RunTime:0.000000s ]
INFO: [ app_init ] --END-- [ RunTime:0.001000s ]
NOTIC: [8] Use of undefined constant SHOW_PAGE_TRACE - assumed 'SHOW_PAGE_TRACE' D:\cms\Application\Home\Conf\config.php 第 5 行.
NOTIC: [8] Use of undefined constant DB_FIELD_CACHE - assumed 'DB_FIELD_CACHE' D:\cms\Application\Home\Conf\config.php 第 7 行.
NOTIC: [8] Use of undefined constant HTML_CACHE_ON - assumed 'HTML_CACHE_ON' D:\cms\Application\Home\Conf\config.php 第 9 行.
NOTIC: [8] Use of undefined constant DB_TYPE - assumed 'DB_TYPE' D:\cms\Application\Home\Conf\config.php 第 12 行.
NOTIC: [8] Use of undefined constant DB_USER - assumed 'DB_USER' D:\cms\Application\Home\Conf\config.php 第 13 行.
NOTIC: [8] Use of undefined constant DB_PWD - assumed 'DB_PWD' D:\cms\Application\Home\Conf\config.php 第 14 行.
NOTIC: [8] Use of undefined constant DB_PREFIX - assumed 'DB_PREFIX' D:\cms\Application\Home\Conf\config.php 第 15 行.
NOTIC: [8] Use of undefined constant DB_DSN - assumed 'DB_DSN' D:\cms\Application\Home\Conf\config.php 第 16 行.
NOTIC: [8] Use of undefined constant LOAD_EXT_CONFIG - assumed 'LOAD_EXT_CONFIG' D:\cms\Application\Home\Conf\config.php 第 18 行.

[ 2016-09-02T11:35:19+08:00 ] 127.0.0.1 /home/privilege/Images/content_bg.gif
INFO: [ app_init ] --START--
INFO: Run Behavior\BuildLiteBehavior [ RunTime:0.001001s ]
INFO: [ app_init ] --END-- [ RunTime:0.001001s ]
NOTIC: [8] Use of undefined constant SHOW_PAGE_TRACE - assumed 'SHOW_PAGE_TRACE' D:\cms\Application\Home\Conf\config.php 第 5 行.
NOTIC: [8] Use of undefined constant DB_FIELD_CACHE - assumed 'DB_FIELD_CACHE' D:\cms\Application\Home\Conf\config.php 第 7 行.
NOTIC: [8] Use of undefined constant HTML_CACHE_ON - assumed 'HTML_CACHE_ON' D:\cms\Application\Home\Conf\config.php 第 9 行.
NOTIC: [8] Use of undefined constant DB_TYPE - assumed 'DB_TYPE' D:\cms\Application\Home\Conf\config.php 第 12 行.
NOTIC: [8] Use of undefined constant DB_USER - assumed 'DB_USER' D:\cms\Application\Home\Conf\config.php 第 13 行.
NOTIC: [8] Use of undefined constant DB_PWD - assumed 'DB_PWD' D:\cms\Application\Home\Conf\config.php 第 14 行.
NOTIC: [8] Use of undefined constant DB_PREFIX - assumed 'DB_PREFIX' D:\cms\Application\Home\Conf\config.php 第 15 行.
NOTIC: [8] Use of undefined constant DB_DSN - assumed 'DB_DSN' D:\cms\Application\Home\Conf\config.php 第 16 行.
NOTIC: [8] Use of undefined constant LOAD_EXT_CONFIG - assumed 'LOAD_EXT_CONFIG' D:\cms\Application\Home\Conf\config.php 第 18 行.

[ 2016-09-02T11:35:30+08:00 ] 127.0.0.1 /home/privilege/add
INFO: [ app_init ] --START--
INFO: Run Behavior\BuildLiteBehavior [ RunTime:0.000000s ]
INFO: [ app_init ] --END-- [ RunTime:0.001000s ]
NOTIC: [8] Use of undefined constant SHOW_PAGE_TRACE - assumed 'SHOW_PAGE_TRACE' D:\cms\Application\Home\Conf\config.php 第 5 行.
NOTIC: [8] Use of undefined constant DB_FIELD_CACHE - assumed 'DB_FIELD_CACHE' D:\cms\Application\Home\Conf\config.php 第 7 行.
NOTIC: [8] Use of undefined constant HTML_CACHE_ON - assumed 'HTML_CACHE_ON' D:\cms\Application\Home\Conf\config.php 第 9 行.
NOTIC: [8] Use of undefined constant DB_TYPE - assumed 'DB_TYPE' D:\cms\Application\Home\Conf\config.php 第 12 行.
NOTIC: [8] Use of undefined constant DB_USER - assumed 'DB_USER' D:\cms\Application\Home\Conf\config.php 第 13 行.
NOTIC: [8] Use of undefined constant DB_PWD - assumed 'DB_PWD' D:\cms\Application\Home\Conf\config.php 第 14 行.
NOTIC: [8] Use of undefined constant DB_PREFIX - assumed 'DB_PREFIX' D:\cms\Application\Home\Conf\config.php 第 15 行.
NOTIC: [8] Use of undefined constant DB_DSN - assumed 'DB_DSN' D:\cms\Application\Home\Conf\config.php 第 16 行.
NOTIC: [8] Use of undefined constant LOAD_EXT_CONFIG - assumed 'LOAD_EXT_CONFIG' D:\cms\Application\Home\Conf\config.php 第 18 行.

[ 2016-09-02T11:35:33+08:00 ] 127.0.0.1 /home/privilege/Images/content_bg.gif
INFO: [ app_init ] --START--
INFO: Run Behavior\BuildLiteBehavior [ RunTime:0.000000s ]
INFO: [ app_init ] --END-- [ RunTime:0.001000s ]
NOTIC: [8] Use of undefined constant SHOW_PAGE_TRACE - assumed 'SHOW_PAGE_TRACE' D:\cms\Application\Home\Conf\config.php 第 5 行.
NOTIC: [8] Use of undefined constant DB_FIELD_CACHE - assumed 'DB_FIELD_CACHE' D:\cms\Application\Home\Conf\config.php 第 7 行.
NOTIC: [8] Use of undefined constant HTML_CACHE_ON - assumed 'HTML_CACHE_ON' D:\cms\Application\Home\Conf\config.php 第 9 行.
NOTIC: [8] Use of undefined constant DB_TYPE - assumed 'DB_TYPE' D:\cms\Application\Home\Conf\config.php 第 12 行.
NOTIC: [8] Use of undefined constant DB_USER - assumed 'DB_USER' D:\cms\Application\Home\Conf\config.php 第 13 行.
NOTIC: [8] Use of undefined constant DB_PWD - assumed 'DB_PWD' D:\cms\Application\Home\Conf\config.php 第 14 行.
NOTIC: [8] Use of undefined constant DB_PREFIX - assumed 'DB_PREFIX' D:\cms\Application\Home\Conf\config.php 第 15 行.
NOTIC: [8] Use of undefined constant DB_DSN - assumed 'DB_DSN' D:\cms\Application\Home\Conf\config.php 第 16 行.
NOTIC: [8] Use of undefined constant LOAD_EXT_CONFIG - assumed 'LOAD_EXT_CONFIG' D:\cms\Application\Home\Conf\config.php 第 18 行.

[ 2016-09-02T11:35:36+08:00 ] 127.0.0.1 /home/privilege/add
INFO: [ app_init ] --START--
INFO: Run Behavior\BuildLiteBehavior [ RunTime:0.000000s ]
INFO: [ app_init ] --END-- [ RunTime:0.002000s ]
NOTIC: [8] Use of undefined constant SHOW_PAGE_TRACE - assumed 'SHOW_PAGE_TRACE' D:\cms\Application\Home\Conf\config.php 第 5 行.
NOTIC: [8] Use of undefined constant DB_FIELD_CACHE - assumed 'DB_FIELD_CACHE' D:\cms\Application\Home\Conf\config.php 第 7 行.
NOTIC: [8] Use of undefined constant HTML_CACHE_ON - assumed 'HTML_CACHE_ON' D:\cms\Application\Home\Conf\config.php 第 9 行.
NOTIC: [8] Use of undefined constant DB_TYPE - assumed 'DB_TYPE' D:\cms\Application\Home\Conf\config.php 第 12 行.
NOTIC: [8] Use of undefined constant DB_USER - assumed 'DB_USER' D:\cms\Application\Home\Conf\config.php 第 13 行.
NOTIC: [8] Use of undefined constant DB_PWD - assumed 'DB_PWD' D:\cms\Application\Home\Conf\config.php 第 14 行.
NOTIC: [8] Use of undefined constant DB_PREFIX - assumed 'DB_PREFIX' D:\cms\Application\Home\Conf\config.php 第 15 行.
NOTIC: [8] Use of undefined constant DB_DSN - assumed 'DB_DSN' D:\cms\Application\Home\Conf\config.php 第 16 行.
NOTIC: [8] Use of undefined constant LOAD_EXT_CONFIG - assumed 'LOAD_EXT_CONFIG' D:\cms\Application\Home\Conf\config.php 第 18 行.

[ 2016-09-02T11:35:39+08:00 ] 127.0.0.1 /home/privilege/privilege/add
INFO: [ app_init ] --START--
INFO: Run Behavior\BuildLiteBehavior [ RunTime:0.000000s ]
INFO: [ app_init ] --END-- [ RunTime:0.001000s ]
NOTIC: [8] Use of undefined constant SHOW_PAGE_TRACE - assumed 'SHOW_PAGE_TRACE' D:\cms\Application\Home\Conf\config.php 第 5 行.
NOTIC: [8] Use of undefined constant DB_FIELD_CACHE - assumed 'DB_FIELD_CACHE' D:\cms\Application\Home\Conf\config.php 第 7 行.
NOTIC: [8] Use of undefined constant HTML_CACHE_ON - assumed 'HTML_CACHE_ON' D:\cms\Application\Home\Conf\config.php 第 9 行.
NOTIC: [8] Use of undefined constant DB_TYPE - assumed 'DB_TYPE' D:\cms\Application\Home\Conf\config.php 第 12 行.
NOTIC: [8] Use of undefined constant DB_USER - assumed 'DB_USER' D:\cms\Application\Home\Conf\config.php 第 13 行.
NOTIC: [8] Use of undefined constant DB_PWD - assumed 'DB_PWD' D:\cms\Application\Home\Conf\config.php 第 14 行.
NOTIC: [8] Use of undefined constant DB_PREFIX - assumed 'DB_PREFIX' D:\cms\Application\Home\Conf\config.php 第 15 行.
NOTIC: [8] Use of undefined constant DB_DSN - assumed 'DB_DSN' D:\cms\Application\Home\Conf\config.php 第 16 行.
NOTIC: [8] Use of undefined constant LOAD_EXT_CONFIG - assumed 'LOAD_EXT_CONFIG' D:\cms\Application\Home\Conf\config.php 第 18 行.
ERR: 非法操作:privilege

[ 2016-09-02T11:36:18+08:00 ] 127.0.0.1 /home/privilege/privilege/add
INFO: [ app_init ] --START--
INFO: Run Behavior\BuildLiteBehavior [ RunTime:0.000000s ]
INFO: [ app_init ] --END-- [ RunTime:0.001000s ]
NOTIC: [8] Use of undefined constant SHOW_PAGE_TRACE - assumed 'SHOW_PAGE_TRACE' D:\cms\Application\Home\Conf\config.php 第 5 行.
NOTIC: [8] Use of undefined constant DB_FIELD_CACHE - assumed 'DB_FIELD_CACHE' D:\cms\Application\Home\Conf\config.php 第 7 行.
NOTIC: [8] Use of undefined constant HTML_CACHE_ON - assumed 'HTML_CACHE_ON' D:\cms\Application\Home\Conf\config.php 第 9 行.
NOTIC: [8] Use of undefined constant DB_TYPE - assumed 'DB_TYPE' D:\cms\Application\Home\Conf\config.php 第 12 行.
NOTIC: [8] Use of undefined constant DB_USER - assumed 'DB_USER' D:\cms\Application\Home\Conf\config.php 第 13 行.
NOTIC: [8] Use of undefined constant DB_PWD - assumed 'DB_PWD' D:\cms\Application\Home\Conf\config.php 第 14 行.
NOTIC: [8] Use of undefined constant DB_PREFIX - assumed 'DB_PREFIX' D:\cms\Application\Home\Conf\config.php 第 15 行.
NOTIC: [8] Use of undefined constant DB_DSN - assumed 'DB_DSN' D:\cms\Application\Home\Conf\config.php 第 16 行.
NOTIC: [8] Use of undefined constant LOAD_EXT_CONFIG - assumed 'LOAD_EXT_CONFIG' D:\cms\Application\Home\Conf\config.php 第 18 行.
ERR: 非法操作:privilege

[ 2016-09-02T11:37:19+08:00 ] 127.0.0.1 /home/privilege/add
INFO: [ app_init ] --START--
INFO: Run Behavior\BuildLiteBehavior [ RunTime:0.000000s ]
INFO: [ app_init ] --END-- [ RunTime:0.000000s ]
NOTIC: [8] Use of undefined constant SHOW_PAGE_TRACE - assumed 'SHOW_PAGE_TRACE' D:\cms\Application\Home\Conf\config.php 第 5 行.
NOTIC: [8] Use of undefined constant DB_FIELD_CACHE - assumed 'DB_FIELD_CACHE' D:\cms\Application\Home\Conf\config.php 第 7 行.
NOTIC: [8] Use of undefined constant HTML_CACHE_ON - assumed 'HTML_CACHE_ON' D:\cms\Application\Home\Conf\config.php 第 9 行.
NOTIC: [8] Use of undefined constant DB_TYPE - assumed 'DB_TYPE' D:\cms\Application\Home\Conf\config.php 第 12 行.
NOTIC: [8] Use of undefined constant DB_USER - assumed 'DB_USER' D:\cms\Application\Home\Conf\config.php 第 13 行.
NOTIC: [8] Use of undefined constant DB_PWD - assumed 'DB_PWD' D:\cms\Application\Home\Conf\config.php 第 14 行.
NOTIC: [8] Use of undefined constant DB_PREFIX - assumed 'DB_PREFIX' D:\cms\Application\Home\Conf\config.php 第 15 行.
NOTIC: [8] Use of undefined constant DB_DSN - assumed 'DB_DSN' D:\cms\Application\Home\Conf\config.php 第 16 行.
NOTIC: [8] Use of undefined constant LOAD_EXT_CONFIG - assumed 'LOAD_EXT_CONFIG' D:\cms\Application\Home\Conf\config.php 第 18 行.

[ 2016-09-02T11:37:20+08:00 ] 127.0.0.1 /home/privilege/Images/content_bg.gif
INFO: [ app_init ] --START--
INFO: Run Behavior\BuildLiteBehavior [ RunTime:0.000000s ]
INFO: [ app_init ] --END-- [ RunTime:0.001001s ]
NOTIC: [8] Use of undefined constant SHOW_PAGE_TRACE - assumed 'SHOW_PAGE_TRACE' D:\cms\Application\Home\Conf\config.php 第 5 行.
NOTIC: [8] Use of undefined constant DB_FIELD_CACHE - assumed 'DB_FIELD_CACHE' D:\cms\Application\Home\Conf\config.php 第 7 行.
NOTIC: [8] Use of undefined constant HTML_CACHE_ON - assumed 'HTML_CACHE_ON' D:\cms\Application\Home\Conf\config.php 第 9 行.
NOTIC: [8] Use of undefined constant DB_TYPE - assumed 'DB_TYPE' D:\cms\Application\Home\Conf\config.php 第 12 行.
NOTIC: [8] Use of undefined constant DB_USER - assumed 'DB_USER' D:\cms\Application\Home\Conf\config.php 第 13 行.
NOTIC: [8] Use of undefined constant DB_PWD - assumed 'DB_PWD' D:\cms\Application\Home\Conf\config.php 第 14 行.
NOTIC: [8] Use of undefined constant DB_PREFIX - assumed 'DB_PREFIX' D:\cms\Application\Home\Conf\config.php 第 15 行.
NOTIC: [8] Use of undefined constant DB_DSN - assumed 'DB_DSN' D:\cms\Application\Home\Conf\config.php 第 16 行.
NOTIC: [8] Use of undefined constant LOAD_EXT_CONFIG - assumed 'LOAD_EXT_CONFIG' D:\cms\Application\Home\Conf\config.php 第 18 行.

[ 2016-09-02T11:37:30+08:00 ] 127.0.0.1 /home/privilege/add
INFO: [ app_init ] --START--
INFO: Run Behavior\BuildLiteBehavior [ RunTime:0.000000s ]
INFO: [ app_init ] --END-- [ RunTime:0.002000s ]
NOTIC: [8] Use of undefined constant SHOW_PAGE_TRACE - assumed 'SHOW_PAGE_TRACE' D:\cms\Application\Home\Conf\config.php 第 5 行.
NOTIC: [8] Use of undefined constant DB_FIELD_CACHE - assumed 'DB_FIELD_CACHE' D:\cms\Application\Home\Conf\config.php 第 7 行.
NOTIC: [8] Use of undefined constant HTML_CACHE_ON - assumed 'HTML_CACHE_ON' D:\cms\Application\Home\Conf\config.php 第 9 行.
NOTIC: [8] Use of undefined constant DB_TYPE - assumed 'DB_TYPE' D:\cms\Application\Home\Conf\config.php 第 12 行.
NOTIC: [8] Use of undefined constant DB_USER - assumed 'DB_USER' D:\cms\Application\Home\Conf\config.php 第 13 行.
NOTIC: [8] Use of undefined constant DB_PWD - assumed 'DB_PWD' D:\cms\Application\Home\Conf\config.php 第 14 行.
NOTIC: [8] Use of undefined constant DB_PREFIX - assumed 'DB_PREFIX' D:\cms\Application\Home\Conf\config.php 第 15 行.
NOTIC: [8] Use of undefined constant DB_DSN - assumed 'DB_DSN' D:\cms\Application\Home\Conf\config.php 第 16 行.
NOTIC: [8] Use of undefined constant LOAD_EXT_CONFIG - assumed 'LOAD_EXT_CONFIG' D:\cms\Application\Home\Conf\config.php 第 18 行.

[ 2016-09-02T11:37:33+08:00 ] 127.0.0.1 /home/privilege/add
INFO: [ app_init ] --START--
INFO: Run Behavior\BuildLiteBehavior [ RunTime:0.000000s ]
INFO: [ app_init ] --END-- [ RunTime:0.001000s ]
NOTIC: [8] Use of undefined constant SHOW_PAGE_TRACE - assumed 'SHOW_PAGE_TRACE' D:\cms\Application\Home\Conf\config.php 第 5 行.
NOTIC: [8] Use of undefined constant DB_FIELD_CACHE - assumed 'DB_FIELD_CACHE' D:\cms\Application\Home\Conf\config.php 第 7 行.
NOTIC: [8] Use of undefined constant HTML_CACHE_ON - assumed 'HTML_CACHE_ON' D:\cms\Application\Home\Conf\config.php 第 9 行.
NOTIC: [8] Use of undefined constant DB_TYPE - assumed 'DB_TYPE' D:\cms\Application\Home\Conf\config.php 第 12 行.
NOTIC: [8] Use of undefined constant DB_USER - assumed 'DB_USER' D:\cms\Application\Home\Conf\config.php 第 13 行.
NOTIC: [8] Use of undefined constant DB_PWD - assumed 'DB_PWD' D:\cms\Application\Home\Conf\config.php 第 14 行.
NOTIC: [8] Use of undefined constant DB_PREFIX - assumed 'DB_PREFIX' D:\cms\Application\Home\Conf\config.php 第 15 行.
NOTIC: [8] Use of undefined constant DB_DSN - assumed 'DB_DSN' D:\cms\Application\Home\Conf\config.php 第 16 行.
NOTIC: [8] Use of undefined constant LOAD_EXT_CONFIG - assumed 'LOAD_EXT_CONFIG' D:\cms\Application\Home\Conf\config.php 第 18 行.

[ 2016-09-02T11:37:33+08:00 ] 127.0.0.1 /home/privilege/Images/content_bg.gif
INFO: [ app_init ] --START--
INFO: Run Behavior\BuildLiteBehavior [ RunTime:0.000000s ]
INFO: [ app_init ] --END-- [ RunTime:0.000000s ]
NOTIC: [8] Use of undefined constant SHOW_PAGE_TRACE - assumed 'SHOW_PAGE_TRACE' D:\cms\Application\Home\Conf\config.php 第 5 行.
NOTIC: [8] Use of undefined constant DB_FIELD_CACHE - assumed 'DB_FIELD_CACHE' D:\cms\Application\Home\Conf\config.php 第 7 行.
NOTIC: [8] Use of undefined constant HTML_CACHE_ON - assumed 'HTML_CACHE_ON' D:\cms\Application\Home\Conf\config.php 第 9 行.
NOTIC: [8] Use of undefined constant DB_TYPE - assumed 'DB_TYPE' D:\cms\Application\Home\Conf\config.php 第 12 行.
NOTIC: [8] Use of undefined constant DB_USER - assumed 'DB_USER' D:\cms\Application\Home\Conf\config.php 第 13 行.
NOTIC: [8] Use of undefined constant DB_PWD - assumed 'DB_PWD' D:\cms\Application\Home\Conf\config.php 第 14 行.
NOTIC: [8] Use of undefined constant DB_PREFIX - assumed 'DB_PREFIX' D:\cms\Application\Home\Conf\config.php 第 15 行.
NOTIC: [8] Use of undefined constant DB_DSN - assumed 'DB_DSN' D:\cms\Application\Home\Conf\config.php 第 16 行.
NOTIC: [8] Use of undefined constant LOAD_EXT_CONFIG - assumed 'LOAD_EXT_CONFIG' D:\cms\Application\Home\Conf\config.php 第 18 行.

[ 2016-09-02T16:44:35+08:00 ] 127.0.0.1 /home/privilege/add
INFO: [ app_init ] --START--
INFO: Run Behavior\BuildLiteBehavior [ RunTime:0.000000s ]
INFO: [ app_init ] --END-- [ RunTime:0.001000s ]
NOTIC: [8] Use of undefined constant SHOW_PAGE_TRACE - assumed 'SHOW_PAGE_TRACE' D:\cms\Application\Home\Conf\config.php 第 5 行.
NOTIC: [8] Use of undefined constant DB_FIELD_CACHE - assumed 'DB_FIELD_CACHE' D:\cms\Application\Home\Conf\config.php 第 7 行.
NOTIC: [8] Use of undefined constant HTML_CACHE_ON - assumed 'HTML_CACHE_ON' D:\cms\Application\Home\Conf\config.php 第 9 行.
NOTIC: [8] Use of undefined constant DB_TYPE - assumed 'DB_TYPE' D:\cms\Application\Home\Conf\config.php 第 12 行.
NOTIC: [8] Use of undefined constant DB_USER - assumed 'DB_USER' D:\cms\Application\Home\Conf\config.php 第 13 行.
NOTIC: [8] Use of undefined constant DB_PWD - assumed 'DB_PWD' D:\cms\Application\Home\Conf\config.php 第 14 行.
NOTIC: [8] Use of undefined constant DB_PREFIX - assumed 'DB_PREFIX' D:\cms\Application\Home\Conf\config.php 第 15 行.
NOTIC: [8] Use of undefined constant DB_DSN - assumed 'DB_DSN' D:\cms\Application\Home\Conf\config.php 第 16 行.
NOTIC: [8] Use of undefined constant LOAD_EXT_CONFIG - assumed 'LOAD_EXT_CONFIG' D:\cms\Application\Home\Conf\config.php 第 18 行.

[ 2016-09-02T16:44:37+08:00 ] 127.0.0.1 /home/privilege/Images/content_bg.gif
INFO: [ app_init ] --START--
INFO: Run Behavior\BuildLiteBehavior [ RunTime:0.000000s ]
INFO: [ app_init ] --END-- [ RunTime:0.001000s ]
NOTIC: [8] Use of undefined constant SHOW_PAGE_TRACE - assumed 'SHOW_PAGE_TRACE' D:\cms\Application\Home\Conf\config.php 第 5 行.
NOTIC: [8] Use of undefined constant DB_FIELD_CACHE - assumed 'DB_FIELD_CACHE' D:\cms\Application\Home\Conf\config.php 第 7 行.
NOTIC: [8] Use of undefined constant HTML_CACHE_ON - assumed 'HTML_CACHE_ON' D:\cms\Application\Home\Conf\config.php 第 9 行.
NOTIC: [8] Use of undefined constant DB_TYPE - assumed 'DB_TYPE' D:\cms\Application\Home\Conf\config.php 第 12 行.
NOTIC: [8] Use of undefined constant DB_USER - assumed 'DB_USER' D:\cms\Application\Home\Conf\config.php 第 13 行.
NOTIC: [8] Use of undefined constant DB_PWD - assumed 'DB_PWD' D:\cms\Application\Home\Conf\config.php 第 14 行.
NOTIC: [8] Use of undefined constant DB_PREFIX - assumed 'DB_PREFIX' D:\cms\Application\Home\Conf\config.php 第 15 行.
NOTIC: [8] Use of undefined constant DB_DSN - assumed 'DB_DSN' D:\cms\Application\Home\Conf\config.php 第 16 行.
NOTIC: [8] Use of undefined constant LOAD_EXT_CONFIG - assumed 'LOAD_EXT_CONFIG' D:\cms\Application\Home\Conf\config.php 第 18 行.

[ 2016-09-02T16:45:10+08:00 ] 127.0.0.1 /home/privilege/add
INFO: [ app_init ] --START--
INFO: Run Behavior\BuildLiteBehavior [ RunTime:0.000000s ]
INFO: [ app_init ] --END-- [ RunTime:0.000000s ]
NOTIC: [8] Use of undefined constant SHOW_PAGE_TRACE - assumed 'SHOW_PAGE_TRACE' D:\cms\Application\Home\Conf\config.php 第 5 行.
NOTIC: [8] Use of undefined constant DB_FIELD_CACHE - assumed 'DB_FIELD_CACHE' D:\cms\Application\Home\Conf\config.php 第 7 行.
NOTIC: [8] Use of undefined constant HTML_CACHE_ON - assumed 'HTML_CACHE_ON' D:\cms\Application\Home\Conf\config.php 第 9 行.
NOTIC: [8] Use of undefined constant DB_TYPE - assumed 'DB_TYPE' D:\cms\Application\Home\Conf\config.php 第 12 行.
NOTIC: [8] Use of undefined constant DB_USER - assumed 'DB_USER' D:\cms\Application\Home\Conf\config.php 第 13 行.
NOTIC: [8] Use of undefined constant DB_PWD - assumed 'DB_PWD' D:\cms\Application\Home\Conf\config.php 第 14 行.
NOTIC: [8] Use of undefined constant DB_PREFIX - assumed 'DB_PREFIX' D:\cms\Application\Home\Conf\config.php 第 15 行.
NOTIC: [8] Use of undefined constant DB_DSN - assumed 'DB_DSN' D:\cms\Application\Home\Conf\config.php 第 16 行.
NOTIC: [8] Use of undefined constant LOAD_EXT_CONFIG - assumed 'LOAD_EXT_CONFIG' D:\cms\Application\Home\Conf\config.php 第 18 行.

[ 2016-09-02T16:45:13+08:00 ] 127.0.0.1 /home/privilege/add
INFO: [ app_init ] --START--
INFO: Run Behavior\BuildLiteBehavior [ RunTime:0.000000s ]
INFO: [ app_init ] --END-- [ RunTime:0.001000s ]
NOTIC: [8] Use of undefined constant SHOW_PAGE_TRACE - assumed 'SHOW_PAGE_TRACE' D:\cms\Application\Home\Conf\config.php 第 5 行.
NOTIC: [8] Use of undefined constant DB_FIELD_CACHE - assumed 'DB_FIELD_CACHE' D:\cms\Application\Home\Conf\config.php 第 7 行.
NOTIC: [8] Use of undefined constant HTML_CACHE_ON - assumed 'HTML_CACHE_ON' D:\cms\Application\Home\Conf\config.php 第 9 行.
NOTIC: [8] Use of undefined constant DB_TYPE - assumed 'DB_TYPE' D:\cms\Application\Home\Conf\config.php 第 12 行.
NOTIC: [8] Use of undefined constant DB_USER - assumed 'DB_USER' D:\cms\Application\Home\Conf\config.php 第 13 行.
NOTIC: [8] Use of undefined constant DB_PWD - assumed 'DB_PWD' D:\cms\Application\Home\Conf\config.php 第 14 行.
NOTIC: [8] Use of undefined constant DB_PREFIX - assumed 'DB_PREFIX' D:\cms\Application\Home\Conf\config.php 第 15 行.
NOTIC: [8] Use of undefined constant DB_DSN - assumed 'DB_DSN' D:\cms\Application\Home\Conf\config.php 第 16 行.
NOTIC: [8] Use of undefined constant LOAD_EXT_CONFIG - assumed 'LOAD_EXT_CONFIG' D:\cms\Application\Home\Conf\config.php 第 18 行.

[ 2016-09-02T16:45:13+08:00 ] 127.0.0.1 /home/privilege/Images/content_bg.gif
INFO: [ app_init ] --START--
INFO: Run Behavior\BuildLiteBehavior [ RunTime:0.000000s ]
INFO: [ app_init ] --END-- [ RunTime:0.001000s ]
NOTIC: [8] Use of undefined constant SHOW_PAGE_TRACE - assumed 'SHOW_PAGE_TRACE' D:\cms\Application\Home\Conf\config.php 第 5 行.
NOTIC: [8] Use of undefined constant DB_FIELD_CACHE - assumed 'DB_FIELD_CACHE' D:\cms\Application\Home\Conf\config.php 第 7 行.
NOTIC: [8] Use of undefined constant HTML_CACHE_ON - assumed 'HTML_CACHE_ON' D:\cms\Application\Home\Conf\config.php 第 9 行.
NOTIC: [8] Use of undefined constant DB_TYPE - assumed 'DB_TYPE' D:\cms\Application\Home\Conf\config.php 第 12 行.
NOTIC: [8] Use of undefined constant DB_USER - assumed 'DB_USER' D:\cms\Application\Home\Conf\config.php 第 13 行.
NOTIC: [8] Use of undefined constant DB_PWD - assumed 'DB_PWD' D:\cms\Application\Home\Conf\config.php 第 14 行.
NOTIC: [8] Use of undefined constant DB_PREFIX - assumed 'DB_PREFIX' D:\cms\Application\Home\Conf\config.php 第 15 行.
NOTIC: [8] Use of undefined constant DB_DSN - assumed 'DB_DSN' D:\cms\Application\Home\Conf\config.php 第 16 行.
NOTIC: [8] Use of undefined constant LOAD_EXT_CONFIG - assumed 'LOAD_EXT_CONFIG' D:\cms\Application\Home\Conf\config.php 第 18 行.

[ 2016-09-02T16:45:13+08:00 ] 127.0.0.1 /home/privilege/Images/content_bg.gif
INFO: [ app_init ] --START--
INFO: Run Behavior\BuildLiteBehavior [ RunTime:0.000000s ]
INFO: [ app_init ] --END-- [ RunTime:0.001000s ]
NOTIC: [8] Use of undefined constant SHOW_PAGE_TRACE - assumed 'SHOW_PAGE_TRACE' D:\cms\Application\Home\Conf\config.php 第 5 行.
NOTIC: [8] Use of undefined constant DB_FIELD_CACHE - assumed 'DB_FIELD_CACHE' D:\cms\Application\Home\Conf\config.php 第 7 行.
NOTIC: [8] Use of undefined constant HTML_CACHE_ON - assumed 'HTML_CACHE_ON' D:\cms\Application\Home\Conf\config.php 第 9 行.
NOTIC: [8] Use of undefined constant DB_TYPE - assumed 'DB_TYPE' D:\cms\Application\Home\Conf\config.php 第 12 行.
NOTIC: [8] Use of undefined constant DB_USER - assumed 'DB_USER' D:\cms\Application\Home\Conf\config.php 第 13 行.
NOTIC: [8] Use of undefined constant DB_PWD - assumed 'DB_PWD' D:\cms\Application\Home\Conf\config.php 第 14 行.
NOTIC: [8] Use of undefined constant DB_PREFIX - assumed 'DB_PREFIX' D:\cms\Application\Home\Conf\config.php 第 15 行.
NOTIC: [8] Use of undefined constant DB_DSN - assumed 'DB_DSN' D:\cms\Application\Home\Conf\config.php 第 16 行.
NOTIC: [8] Use of undefined constant LOAD_EXT_CONFIG - assumed 'LOAD_EXT_CONFIG' D:\cms\Application\Home\Conf\config.php 第 18 行.

[ 2016-09-02T16:47:04+08:00 ] 127.0.0.1 /home/privilege/add
INFO: [ app_init ] --START--
INFO: Run Behavior\BuildLiteBehavior [ RunTime:0.000000s ]
INFO: [ app_init ] --END-- [ RunTime:0.002000s ]
NOTIC: [8] Use of undefined constant SHOW_PAGE_TRACE - assumed 'SHOW_PAGE_TRACE' D:\cms\Application\Home\Conf\config.php 第 5 行.
NOTIC: [8] Use of undefined constant DB_FIELD_CACHE - assumed 'DB_FIELD_CACHE' D:\cms\Application\Home\Conf\config.php 第 7 行.
NOTIC: [8] Use of undefined constant HTML_CACHE_ON - assumed 'HTML_CACHE_ON' D:\cms\Application\Home\Conf\config.php 第 9 行.
NOTIC: [8] Use of undefined constant DB_TYPE - assumed 'DB_TYPE' D:\cms\Application\Home\Conf\config.php 第 12 行.
NOTIC: [8] Use of undefined constant DB_USER - assumed 'DB_USER' D:\cms\Application\Home\Conf\config.php 第 13 行.
NOTIC: [8] Use of undefined constant DB_PWD - assumed 'DB_PWD' D:\cms\Application\Home\Conf\config.php 第 14 行.
NOTIC: [8] Use of undefined constant DB_PREFIX - assumed 'DB_PREFIX' D:\cms\Application\Home\Conf\config.php 第 15 行.
NOTIC: [8] Use of undefined constant DB_DSN - assumed 'DB_DSN' D:\cms\Application\Home\Conf\config.php 第 16 行.
NOTIC: [8] Use of undefined constant LOAD_EXT_CONFIG - assumed 'LOAD_EXT_CONFIG' D:\cms\Application\Home\Conf\config.php 第 18 行.

[ 2016-09-02T16:47:24+08:00 ] 127.0.0.1 /home/privilege/add
INFO: [ app_init ] --START--
INFO: Run Behavior\BuildLiteBehavior [ RunTime:0.000000s ]
INFO: [ app_init ] --END-- [ RunTime:0.001001s ]
NOTIC: [8] Use of undefined constant SHOW_PAGE_TRACE - assumed 'SHOW_PAGE_TRACE' D:\cms\Application\Home\Conf\config.php 第 5 行.
NOTIC: [8] Use of undefined constant DB_FIELD_CACHE - assumed 'DB_FIELD_CACHE' D:\cms\Application\Home\Conf\config.php 第 7 行.
NOTIC: [8] Use of undefined constant HTML_CACHE_ON - assumed 'HTML_CACHE_ON' D:\cms\Application\Home\Conf\config.php 第 9 行.
NOTIC: [8] Use of undefined constant DB_TYPE - assumed 'DB_TYPE' D:\cms\Application\Home\Conf\config.php 第 12 行.
NOTIC: [8] Use of undefined constant DB_USER - assumed 'DB_USER' D:\cms\Application\Home\Conf\config.php 第 13 行.
NOTIC: [8] Use of undefined constant DB_PWD - assumed 'DB_PWD' D:\cms\Application\Home\Conf\config.php 第 14 行.
NOTIC: [8] Use of undefined constant DB_PREFIX - assumed 'DB_PREFIX' D:\cms\Application\Home\Conf\config.php 第 15 行.
NOTIC: [8] Use of undefined constant DB_DSN - assumed 'DB_DSN' D:\cms\Application\Home\Conf\config.php 第 16 行.
NOTIC: [8] Use of undefined constant LOAD_EXT_CONFIG - assumed 'LOAD_EXT_CONFIG' D:\cms\Application\Home\Conf\config.php 第 18 行.

[ 2016-09-02T16:47:24+08:00 ] 127.0.0.1 /home/privilege/Images/content_bg.gif
INFO: [ app_init ] --START--
INFO: Run Behavior\BuildLiteBehavior [ RunTime:0.000000s ]
INFO: [ app_init ] --END-- [ RunTime:0.001000s ]
NOTIC: [8] Use of undefined constant SHOW_PAGE_TRACE - assumed 'SHOW_PAGE_TRACE' D:\cms\Application\Home\Conf\config.php 第 5 行.
NOTIC: [8] Use of undefined constant DB_FIELD_CACHE - assumed 'DB_FIELD_CACHE' D:\cms\Application\Home\Conf\config.php 第 7 行.
NOTIC: [8] Use of undefined constant HTML_CACHE_ON - assumed 'HTML_CACHE_ON' D:\cms\Application\Home\Conf\config.php 第 9 行.
NOTIC: [8] Use of undefined constant DB_TYPE - assumed 'DB_TYPE' D:\cms\Application\Home\Conf\config.php 第 12 行.
NOTIC: [8] Use of undefined constant DB_USER - assumed 'DB_USER' D:\cms\Application\Home\Conf\config.php 第 13 行.
NOTIC: [8] Use of undefined constant DB_PWD - assumed 'DB_PWD' D:\cms\Application\Home\Conf\config.php 第 14 行.
NOTIC: [8] Use of undefined constant DB_PREFIX - assumed 'DB_PREFIX' D:\cms\Application\Home\Conf\config.php 第 15 行.
NOTIC: [8] Use of undefined constant DB_DSN - assumed 'DB_DSN' D:\cms\Application\Home\Conf\config.php 第 16 行.
NOTIC: [8] Use of undefined constant LOAD_EXT_CONFIG - assumed 'LOAD_EXT_CONFIG' D:\cms\Application\Home\Conf\config.php 第 18 行.

[ 2016-09-02T16:47:29+08:00 ] 127.0.0.1 /home/privilege/add
INFO: [ app_init ] --START--
INFO: Run Behavior\BuildLiteBehavior [ RunTime:0.000000s ]
INFO: [ app_init ] --END-- [ RunTime:0.001001s ]
NOTIC: [8] Use of undefined constant SHOW_PAGE_TRACE - assumed 'SHOW_PAGE_TRACE' D:\cms\Application\Home\Conf\config.php 第 5 行.
NOTIC: [8] Use of undefined constant DB_FIELD_CACHE - assumed 'DB_FIELD_CACHE' D:\cms\Application\Home\Conf\config.php 第 7 行.
NOTIC: [8] Use of undefined constant HTML_CACHE_ON - assumed 'HTML_CACHE_ON' D:\cms\Application\Home\Conf\config.php 第 9 行.
NOTIC: [8] Use of undefined constant DB_TYPE - assumed 'DB_TYPE' D:\cms\Application\Home\Conf\config.php 第 12 行.
NOTIC: [8] Use of undefined constant DB_USER - assumed 'DB_USER' D:\cms\Application\Home\Conf\config.php 第 13 行.
NOTIC: [8] Use of undefined constant DB_PWD - assumed 'DB_PWD' D:\cms\Application\Home\Conf\config.php 第 14 行.
NOTIC: [8] Use of undefined constant DB_PREFIX - assumed 'DB_PREFIX' D:\cms\Application\Home\Conf\config.php 第 15 行.
NOTIC: [8] Use of undefined constant DB_DSN - assumed 'DB_DSN' D:\cms\Application\Home\Conf\config.php 第 16 行.
NOTIC: [8] Use of undefined constant LOAD_EXT_CONFIG - assumed 'LOAD_EXT_CONFIG' D:\cms\Application\Home\Conf\config.php 第 18 行.

[ 2016-09-02T16:51:25+08:00 ] 127.0.0.1 /home/privilege/add
INFO: [ app_init ] --START--
INFO: Run Behavior\BuildLiteBehavior [ RunTime:0.000000s ]
INFO: [ app_init ] --END-- [ RunTime:0.002000s ]
NOTIC: [8] Use of undefined constant SHOW_PAGE_TRACE - assumed 'SHOW_PAGE_TRACE' D:\cms\Application\Home\Conf\config.php 第 5 行.
NOTIC: [8] Use of undefined constant DB_FIELD_CACHE - assumed 'DB_FIELD_CACHE' D:\cms\Application\Home\Conf\config.php 第 7 行.
NOTIC: [8] Use of undefined constant HTML_CACHE_ON - assumed 'HTML_CACHE_ON' D:\cms\Application\Home\Conf\config.php 第 9 行.
NOTIC: [8] Use of undefined constant DB_TYPE - assumed 'DB_TYPE' D:\cms\Application\Home\Conf\config.php 第 12 行.
NOTIC: [8] Use of undefined constant DB_USER - assumed 'DB_USER' D:\cms\Application\Home\Conf\config.php 第 13 行.
NOTIC: [8] Use of undefined constant DB_PWD - assumed 'DB_PWD' D:\cms\Application\Home\Conf\config.php 第 14 行.
NOTIC: [8] Use of undefined constant DB_PREFIX - assumed 'DB_PREFIX' D:\cms\Application\Home\Conf\config.php 第 15 行.
NOTIC: [8] Use of undefined constant DB_DSN - assumed 'DB_DSN' D:\cms\Application\Home\Conf\config.php 第 16 行.
NOTIC: [8] Use of undefined constant LOAD_EXT_CONFIG - assumed 'LOAD_EXT_CONFIG' D:\cms\Application\Home\Conf\config.php 第 18 行.

[ 2016-09-02T16:51:25+08:00 ] 127.0.0.1 /home/privilege/Images/content_bg.gif
INFO: [ app_init ] --START--
INFO: Run Behavior\BuildLiteBehavior [ RunTime:0.000000s ]
INFO: [ app_init ] --END-- [ RunTime:0.001000s ]
NOTIC: [8] Use of undefined constant SHOW_PAGE_TRACE - assumed 'SHOW_PAGE_TRACE' D:\cms\Application\Home\Conf\config.php 第 5 行.
NOTIC: [8] Use of undefined constant DB_FIELD_CACHE - assumed 'DB_FIELD_CACHE' D:\cms\Application\Home\Conf\config.php 第 7 行.
NOTIC: [8] Use of undefined constant HTML_CACHE_ON - assumed 'HTML_CACHE_ON' D:\cms\Application\Home\Conf\config.php 第 9 行.
NOTIC: [8] Use of undefined constant DB_TYPE - assumed 'DB_TYPE' D:\cms\Application\Home\Conf\config.php 第 12 行.
NOTIC: [8] Use of undefined constant DB_USER - assumed 'DB_USER' D:\cms\Application\Home\Conf\config.php 第 13 行.
NOTIC: [8] Use of undefined constant DB_PWD - assumed 'DB_PWD' D:\cms\Application\Home\Conf\config.php 第 14 行.
NOTIC: [8] Use of undefined constant DB_PREFIX - assumed 'DB_PREFIX' D:\cms\Application\Home\Conf\config.php 第 15 行.
NOTIC: [8] Use of undefined constant DB_DSN - assumed 'DB_DSN' D:\cms\Application\Home\Conf\config.php 第 16 行.
NOTIC: [8] Use of undefined constant LOAD_EXT_CONFIG - assumed 'LOAD_EXT_CONFIG' D:\cms\Application\Home\Conf\config.php 第 18 行.

[ 2016-09-02T16:51:29+08:00 ] 127.0.0.1 /home/privilege/add
INFO: [ app_init ] --START--
INFO: Run Behavior\BuildLiteBehavior [ RunTime:0.000000s ]
INFO: [ app_init ] --END-- [ RunTime:0.001000s ]
NOTIC: [8] Use of undefined constant SHOW_PAGE_TRACE - assumed 'SHOW_PAGE_TRACE' D:\cms\Application\Home\Conf\config.php 第 5 行.
NOTIC: [8] Use of undefined constant DB_FIELD_CACHE - assumed 'DB_FIELD_CACHE' D:\cms\Application\Home\Conf\config.php 第 7 行.
NOTIC: [8] Use of undefined constant HTML_CACHE_ON - assumed 'HTML_CACHE_ON' D:\cms\Application\Home\Conf\config.php 第 9 行.
NOTIC: [8] Use of undefined constant DB_TYPE - assumed 'DB_TYPE' D:\cms\Application\Home\Conf\config.php 第 12 行.
NOTIC: [8] Use of undefined constant DB_USER - assumed 'DB_USER' D:\cms\Application\Home\Conf\config.php 第 13 行.
NOTIC: [8] Use of undefined constant DB_PWD - assumed 'DB_PWD' D:\cms\Application\Home\Conf\config.php 第 14 行.
NOTIC: [8] Use of undefined constant DB_PREFIX - assumed 'DB_PREFIX' D:\cms\Application\Home\Conf\config.php 第 15 行.
NOTIC: [8] Use of undefined constant DB_DSN - assumed 'DB_DSN' D:\cms\Application\Home\Conf\config.php 第 16 行.
NOTIC: [8] Use of undefined constant LOAD_EXT_CONFIG - assumed 'LOAD_EXT_CONFIG' D:\cms\Application\Home\Conf\config.php 第 18 行.

[ 2016-09-02T16:51:32+08:00 ] 127.0.0.1 /home/privilege/Images/content_bg.gif
INFO: [ app_init ] --START--
INFO: Run Behavior\BuildLiteBehavior [ RunTime:0.000000s ]
INFO: [ app_init ] --END-- [ RunTime:0.001000s ]
NOTIC: [8] Use of undefined constant SHOW_PAGE_TRACE - assumed 'SHOW_PAGE_TRACE' D:\cms\Application\Home\Conf\config.php 第 5 行.
NOTIC: [8] Use of undefined constant DB_FIELD_CACHE - assumed 'DB_FIELD_CACHE' D:\cms\Application\Home\Conf\config.php 第 7 行.
NOTIC: [8] Use of undefined constant HTML_CACHE_ON - assumed 'HTML_CACHE_ON' D:\cms\Application\Home\Conf\config.php 第 9 行.
NOTIC: [8] Use of undefined constant DB_TYPE - assumed 'DB_TYPE' D:\cms\Application\Home\Conf\config.php 第 12 行.
NOTIC: [8] Use of undefined constant DB_USER - assumed 'DB_USER' D:\cms\Application\Home\Conf\config.php 第 13 行.
NOTIC: [8] Use of undefined constant DB_PWD - assumed 'DB_PWD' D:\cms\Application\Home\Conf\config.php 第 14 行.
NOTIC: [8] Use of undefined constant DB_PREFIX - assumed 'DB_PREFIX' D:\cms\Application\Home\Conf\config.php 第 15 行.
NOTIC: [8] Use of undefined constant DB_DSN - assumed 'DB_DSN' D:\cms\Application\Home\Conf\config.php 第 16 行.
NOTIC: [8] Use of undefined constant LOAD_EXT_CONFIG - assumed 'LOAD_EXT_CONFIG' D:\cms\Application\Home\Conf\config.php 第 18 行.

[ 2016-09-02T16:51:35+08:00 ] 127.0.0.1 /home/privilege/add
INFO: [ app_init ] --START--
INFO: Run Behavior\BuildLiteBehavior [ RunTime:0.000000s ]
INFO: [ app_init ] --END-- [ RunTime:0.001000s ]
NOTIC: [8] Use of undefined constant SHOW_PAGE_TRACE - assumed 'SHOW_PAGE_TRACE' D:\cms\Application\Home\Conf\config.php 第 5 行.
NOTIC: [8] Use of undefined constant DB_FIELD_CACHE - assumed 'DB_FIELD_CACHE' D:\cms\Application\Home\Conf\config.php 第 7 行.
NOTIC: [8] Use of undefined constant HTML_CACHE_ON - assumed 'HTML_CACHE_ON' D:\cms\Application\Home\Conf\config.php 第 9 行.
NOTIC: [8] Use of undefined constant DB_TYPE - assumed 'DB_TYPE' D:\cms\Application\Home\Conf\config.php 第 12 行.
NOTIC: [8] Use of undefined constant DB_USER - assumed 'DB_USER' D:\cms\Application\Home\Conf\config.php 第 13 行.
NOTIC: [8] Use of undefined constant DB_PWD - assumed 'DB_PWD' D:\cms\Application\Home\Conf\config.php 第 14 行.
NOTIC: [8] Use of undefined constant DB_PREFIX - assumed 'DB_PREFIX' D:\cms\Application\Home\Conf\config.php 第 15 行.
NOTIC: [8] Use of undefined constant DB_DSN - assumed 'DB_DSN' D:\cms\Application\Home\Conf\config.php 第 16 行.
NOTIC: [8] Use of undefined constant LOAD_EXT_CONFIG - assumed 'LOAD_EXT_CONFIG' D:\cms\Application\Home\Conf\config.php 第 18 行.
ERR: Think\Model:validata方法不存在！

[ 2016-09-02T16:52:43+08:00 ] 127.0.0.1 /home/privilege/add
INFO: [ app_init ] --START--
INFO: Run Behavior\BuildLiteBehavior [ RunTime:0.000000s ]
INFO: [ app_init ] --END-- [ RunTime:0.001000s ]
NOTIC: [8] Use of undefined constant SHOW_PAGE_TRACE - assumed 'SHOW_PAGE_TRACE' D:\cms\Application\Home\Conf\config.php 第 5 行.
NOTIC: [8] Use of undefined constant DB_FIELD_CACHE - assumed 'DB_FIELD_CACHE' D:\cms\Application\Home\Conf\config.php 第 7 行.
NOTIC: [8] Use of undefined constant HTML_CACHE_ON - assumed 'HTML_CACHE_ON' D:\cms\Application\Home\Conf\config.php 第 9 行.
NOTIC: [8] Use of undefined constant DB_TYPE - assumed 'DB_TYPE' D:\cms\Application\Home\Conf\config.php 第 12 行.
NOTIC: [8] Use of undefined constant DB_USER - assumed 'DB_USER' D:\cms\Application\Home\Conf\config.php 第 13 行.
NOTIC: [8] Use of undefined constant DB_PWD - assumed 'DB_PWD' D:\cms\Application\Home\Conf\config.php 第 14 行.
NOTIC: [8] Use of undefined constant DB_PREFIX - assumed 'DB_PREFIX' D:\cms\Application\Home\Conf\config.php 第 15 行.
NOTIC: [8] Use of undefined constant DB_DSN - assumed 'DB_DSN' D:\cms\Application\Home\Conf\config.php 第 16 行.
NOTIC: [8] Use of undefined constant LOAD_EXT_CONFIG - assumed 'LOAD_EXT_CONFIG' D:\cms\Application\Home\Conf\config.php 第 18 行.

[ 2016-09-02T16:52:43+08:00 ] 127.0.0.1 /home/privilege/Images/content_bg.gif
INFO: [ app_init ] --START--
INFO: Run Behavior\BuildLiteBehavior [ RunTime:0.000000s ]
INFO: [ app_init ] --END-- [ RunTime:0.001000s ]
NOTIC: [8] Use of undefined constant SHOW_PAGE_TRACE - assumed 'SHOW_PAGE_TRACE' D:\cms\Application\Home\Conf\config.php 第 5 行.
NOTIC: [8] Use of undefined constant DB_FIELD_CACHE - assumed 'DB_FIELD_CACHE' D:\cms\Application\Home\Conf\config.php 第 7 行.
NOTIC: [8] Use of undefined constant HTML_CACHE_ON - assumed 'HTML_CACHE_ON' D:\cms\Application\Home\Conf\config.php 第 9 行.
NOTIC: [8] Use of undefined constant DB_TYPE - assumed 'DB_TYPE' D:\cms\Application\Home\Conf\config.php 第 12 行.
NOTIC: [8] Use of undefined constant DB_USER - assumed 'DB_USER' D:\cms\Application\Home\Conf\config.php 第 13 行.
NOTIC: [8] Use of undefined constant DB_PWD - assumed 'DB_PWD' D:\cms\Application\Home\Conf\config.php 第 14 行.
NOTIC: [8] Use of undefined constant DB_PREFIX - assumed 'DB_PREFIX' D:\cms\Application\Home\Conf\config.php 第 15 行.
NOTIC: [8] Use of undefined constant DB_DSN - assumed 'DB_DSN' D:\cms\Application\Home\Conf\config.php 第 16 行.
NOTIC: [8] Use of undefined constant LOAD_EXT_CONFIG - assumed 'LOAD_EXT_CONFIG' D:\cms\Application\Home\Conf\config.php 第 18 行.

[ 2016-09-02T16:52:52+08:00 ] 127.0.0.1 /home/privilege/add
INFO: [ app_init ] --START--
INFO: Run Behavior\BuildLiteBehavior [ RunTime:0.000000s ]
INFO: [ app_init ] --END-- [ RunTime:0.001000s ]
NOTIC: [8] Use of undefined constant SHOW_PAGE_TRACE - assumed 'SHOW_PAGE_TRACE' D:\cms\Application\Home\Conf\config.php 第 5 行.
NOTIC: [8] Use of undefined constant DB_FIELD_CACHE - assumed 'DB_FIELD_CACHE' D:\cms\Application\Home\Conf\config.php 第 7 行.
NOTIC: [8] Use of undefined constant HTML_CACHE_ON - assumed 'HTML_CACHE_ON' D:\cms\Application\Home\Conf\config.php 第 9 行.
NOTIC: [8] Use of undefined constant DB_TYPE - assumed 'DB_TYPE' D:\cms\Application\Home\Conf\config.php 第 12 行.
NOTIC: [8] Use of undefined constant DB_USER - assumed 'DB_USER' D:\cms\Application\Home\Conf\config.php 第 13 行.
NOTIC: [8] Use of undefined constant DB_PWD - assumed 'DB_PWD' D:\cms\Application\Home\Conf\config.php 第 14 行.
NOTIC: [8] Use of undefined constant DB_PREFIX - assumed 'DB_PREFIX' D:\cms\Application\Home\Conf\config.php 第 15 行.
NOTIC: [8] Use of undefined constant DB_DSN - assumed 'DB_DSN' D:\cms\Application\Home\Conf\config.php 第 16 行.
NOTIC: [8] Use of undefined constant LOAD_EXT_CONFIG - assumed 'LOAD_EXT_CONFIG' D:\cms\Application\Home\Conf\config.php 第 18 行.
ERR: Think\Model:validata方法不存在！

[ 2016-09-02T16:54:57+08:00 ] 127.0.0.1 /home/privilege/add
INFO: [ app_init ] --START--
INFO: Run Behavior\BuildLiteBehavior [ RunTime:0.000000s ]
INFO: [ app_init ] --END-- [ RunTime:0.001000s ]
NOTIC: [8] Use of undefined constant SHOW_PAGE_TRACE - assumed 'SHOW_PAGE_TRACE' D:\cms\Application\Home\Conf\config.php 第 5 行.
NOTIC: [8] Use of undefined constant DB_FIELD_CACHE - assumed 'DB_FIELD_CACHE' D:\cms\Application\Home\Conf\config.php 第 7 行.
NOTIC: [8] Use of undefined constant HTML_CACHE_ON - assumed 'HTML_CACHE_ON' D:\cms\Application\Home\Conf\config.php 第 9 行.
NOTIC: [8] Use of undefined constant DB_TYPE - assumed 'DB_TYPE' D:\cms\Application\Home\Conf\config.php 第 12 行.
NOTIC: [8] Use of undefined constant DB_USER - assumed 'DB_USER' D:\cms\Application\Home\Conf\config.php 第 13 行.
NOTIC: [8] Use of undefined constant DB_PWD - assumed 'DB_PWD' D:\cms\Application\Home\Conf\config.php 第 14 行.
NOTIC: [8] Use of undefined constant DB_PREFIX - assumed 'DB_PREFIX' D:\cms\Application\Home\Conf\config.php 第 15 行.
NOTIC: [8] Use of undefined constant DB_DSN - assumed 'DB_DSN' D:\cms\Application\Home\Conf\config.php 第 16 行.
NOTIC: [8] Use of undefined constant LOAD_EXT_CONFIG - assumed 'LOAD_EXT_CONFIG' D:\cms\Application\Home\Conf\config.php 第 18 行.

[ 2016-09-02T16:54:58+08:00 ] 127.0.0.1 /home/privilege/Images/content_bg.gif
INFO: [ app_init ] --START--
INFO: Run Behavior\BuildLiteBehavior [ RunTime:0.000000s ]
INFO: [ app_init ] --END-- [ RunTime:0.001000s ]
NOTIC: [8] Use of undefined constant SHOW_PAGE_TRACE - assumed 'SHOW_PAGE_TRACE' D:\cms\Application\Home\Conf\config.php 第 5 行.
NOTIC: [8] Use of undefined constant DB_FIELD_CACHE - assumed 'DB_FIELD_CACHE' D:\cms\Application\Home\Conf\config.php 第 7 行.
NOTIC: [8] Use of undefined constant HTML_CACHE_ON - assumed 'HTML_CACHE_ON' D:\cms\Application\Home\Conf\config.php 第 9 行.
NOTIC: [8] Use of undefined constant DB_TYPE - assumed 'DB_TYPE' D:\cms\Application\Home\Conf\config.php 第 12 行.
NOTIC: [8] Use of undefined constant DB_USER - assumed 'DB_USER' D:\cms\Application\Home\Conf\config.php 第 13 行.
NOTIC: [8] Use of undefined constant DB_PWD - assumed 'DB_PWD' D:\cms\Application\Home\Conf\config.php 第 14 行.
NOTIC: [8] Use of undefined constant DB_PREFIX - assumed 'DB_PREFIX' D:\cms\Application\Home\Conf\config.php 第 15 行.
NOTIC: [8] Use of undefined constant DB_DSN - assumed 'DB_DSN' D:\cms\Application\Home\Conf\config.php 第 16 行.
NOTIC: [8] Use of undefined constant LOAD_EXT_CONFIG - assumed 'LOAD_EXT_CONFIG' D:\cms\Application\Home\Conf\config.php 第 18 行.

[ 2016-09-02T16:55:05+08:00 ] 127.0.0.1 /home/privilege/add
INFO: [ app_init ] --START--
INFO: Run Behavior\BuildLiteBehavior [ RunTime:0.000000s ]
INFO: [ app_init ] --END-- [ RunTime:0.001000s ]
NOTIC: [8] Use of undefined constant SHOW_PAGE_TRACE - assumed 'SHOW_PAGE_TRACE' D:\cms\Application\Home\Conf\config.php 第 5 行.
NOTIC: [8] Use of undefined constant DB_FIELD_CACHE - assumed 'DB_FIELD_CACHE' D:\cms\Application\Home\Conf\config.php 第 7 行.
NOTIC: [8] Use of undefined constant HTML_CACHE_ON - assumed 'HTML_CACHE_ON' D:\cms\Application\Home\Conf\config.php 第 9 行.
NOTIC: [8] Use of undefined constant DB_TYPE - assumed 'DB_TYPE' D:\cms\Application\Home\Conf\config.php 第 12 行.
NOTIC: [8] Use of undefined constant DB_USER - assumed 'DB_USER' D:\cms\Application\Home\Conf\config.php 第 13 行.
NOTIC: [8] Use of undefined constant DB_PWD - assumed 'DB_PWD' D:\cms\Application\Home\Conf\config.php 第 14 行.
NOTIC: [8] Use of undefined constant DB_PREFIX - assumed 'DB_PREFIX' D:\cms\Application\Home\Conf\config.php 第 15 行.
NOTIC: [8] Use of undefined constant DB_DSN - assumed 'DB_DSN' D:\cms\Application\Home\Conf\config.php 第 16 行.
NOTIC: [8] Use of undefined constant LOAD_EXT_CONFIG - assumed 'LOAD_EXT_CONFIG' D:\cms\Application\Home\Conf\config.php 第 18 行.
ERR: Think\Model:validata方法不存在！

[ 2016-09-02T16:55:21+08:00 ] 127.0.0.1 /home/privilege/add
INFO: [ app_init ] --START--
INFO: Run Behavior\BuildLiteBehavior [ RunTime:0.000000s ]
INFO: [ app_init ] --END-- [ RunTime:0.001000s ]
NOTIC: [8] Use of undefined constant SHOW_PAGE_TRACE - assumed 'SHOW_PAGE_TRACE' D:\cms\Application\Home\Conf\config.php 第 5 行.
NOTIC: [8] Use of undefined constant DB_FIELD_CACHE - assumed 'DB_FIELD_CACHE' D:\cms\Application\Home\Conf\config.php 第 7 行.
NOTIC: [8] Use of undefined constant HTML_CACHE_ON - assumed 'HTML_CACHE_ON' D:\cms\Application\Home\Conf\config.php 第 9 行.
NOTIC: [8] Use of undefined constant DB_TYPE - assumed 'DB_TYPE' D:\cms\Application\Home\Conf\config.php 第 12 行.
NOTIC: [8] Use of undefined constant DB_USER - assumed 'DB_USER' D:\cms\Application\Home\Conf\config.php 第 13 行.
NOTIC: [8] Use of undefined constant DB_PWD - assumed 'DB_PWD' D:\cms\Application\Home\Conf\config.php 第 14 行.
NOTIC: [8] Use of undefined constant DB_PREFIX - assumed 'DB_PREFIX' D:\cms\Application\Home\Conf\config.php 第 15 行.
NOTIC: [8] Use of undefined constant DB_DSN - assumed 'DB_DSN' D:\cms\Application\Home\Conf\config.php 第 16 行.
NOTIC: [8] Use of undefined constant LOAD_EXT_CONFIG - assumed 'LOAD_EXT_CONFIG' D:\cms\Application\Home\Conf\config.php 第 18 行.

[ 2016-09-02T16:56:24+08:00 ] 127.0.0.1 /home/privilege/add
INFO: [ app_init ] --START--
INFO: Run Behavior\BuildLiteBehavior [ RunTime:0.000000s ]
INFO: [ app_init ] --END-- [ RunTime:0.001001s ]
NOTIC: [8] Use of undefined constant SHOW_PAGE_TRACE - assumed 'SHOW_PAGE_TRACE' D:\cms\Application\Home\Conf\config.php 第 5 行.
NOTIC: [8] Use of undefined constant DB_FIELD_CACHE - assumed 'DB_FIELD_CACHE' D:\cms\Application\Home\Conf\config.php 第 7 行.
NOTIC: [8] Use of undefined constant HTML_CACHE_ON - assumed 'HTML_CACHE_ON' D:\cms\Application\Home\Conf\config.php 第 9 行.
NOTIC: [8] Use of undefined constant DB_TYPE - assumed 'DB_TYPE' D:\cms\Application\Home\Conf\config.php 第 12 行.
NOTIC: [8] Use of undefined constant DB_USER - assumed 'DB_USER' D:\cms\Application\Home\Conf\config.php 第 13 行.
NOTIC: [8] Use of undefined constant DB_PWD - assumed 'DB_PWD' D:\cms\Application\Home\Conf\config.php 第 14 行.
NOTIC: [8] Use of undefined constant DB_PREFIX - assumed 'DB_PREFIX' D:\cms\Application\Home\Conf\config.php 第 15 行.
NOTIC: [8] Use of undefined constant DB_DSN - assumed 'DB_DSN' D:\cms\Application\Home\Conf\config.php 第 16 行.
NOTIC: [8] Use of undefined constant LOAD_EXT_CONFIG - assumed 'LOAD_EXT_CONFIG' D:\cms\Application\Home\Conf\config.php 第 18 行.

[ 2016-09-02T16:56:54+08:00 ] 127.0.0.1 /home/privilege/add
INFO: [ app_init ] --START--
INFO: Run Behavior\BuildLiteBehavior [ RunTime:0.001000s ]
INFO: [ app_init ] --END-- [ RunTime:0.001000s ]
NOTIC: [8] Use of undefined constant SHOW_PAGE_TRACE - assumed 'SHOW_PAGE_TRACE' D:\cms\Application\Home\Conf\config.php 第 5 行.
NOTIC: [8] Use of undefined constant DB_FIELD_CACHE - assumed 'DB_FIELD_CACHE' D:\cms\Application\Home\Conf\config.php 第 7 行.
NOTIC: [8] Use of undefined constant HTML_CACHE_ON - assumed 'HTML_CACHE_ON' D:\cms\Application\Home\Conf\config.php 第 9 行.
NOTIC: [8] Use of undefined constant DB_TYPE - assumed 'DB_TYPE' D:\cms\Application\Home\Conf\config.php 第 12 行.
NOTIC: [8] Use of undefined constant DB_USER - assumed 'DB_USER' D:\cms\Application\Home\Conf\config.php 第 13 行.
NOTIC: [8] Use of undefined constant DB_PWD - assumed 'DB_PWD' D:\cms\Application\Home\Conf\config.php 第 14 行.
NOTIC: [8] Use of undefined constant DB_PREFIX - assumed 'DB_PREFIX' D:\cms\Application\Home\Conf\config.php 第 15 行.
NOTIC: [8] Use of undefined constant DB_DSN - assumed 'DB_DSN' D:\cms\Application\Home\Conf\config.php 第 16 行.
NOTIC: [8] Use of undefined constant LOAD_EXT_CONFIG - assumed 'LOAD_EXT_CONFIG' D:\cms\Application\Home\Conf\config.php 第 18 行.

[ 2016-09-02T16:57:51+08:00 ] 127.0.0.1 /home/privilege/add
INFO: [ app_init ] --START--
INFO: Run Behavior\BuildLiteBehavior [ RunTime:0.001001s ]
INFO: [ app_init ] --END-- [ RunTime:0.001001s ]
NOTIC: [8] Use of undefined constant SHOW_PAGE_TRACE - assumed 'SHOW_PAGE_TRACE' D:\cms\Application\Home\Conf\config.php 第 5 行.
NOTIC: [8] Use of undefined constant DB_FIELD_CACHE - assumed 'DB_FIELD_CACHE' D:\cms\Application\Home\Conf\config.php 第 7 行.
NOTIC: [8] Use of undefined constant HTML_CACHE_ON - assumed 'HTML_CACHE_ON' D:\cms\Application\Home\Conf\config.php 第 9 行.
NOTIC: [8] Use of undefined constant DB_TYPE - assumed 'DB_TYPE' D:\cms\Application\Home\Conf\config.php 第 12 行.
NOTIC: [8] Use of undefined constant DB_USER - assumed 'DB_USER' D:\cms\Application\Home\Conf\config.php 第 13 行.
NOTIC: [8] Use of undefined constant DB_PWD - assumed 'DB_PWD' D:\cms\Application\Home\Conf\config.php 第 14 行.
NOTIC: [8] Use of undefined constant DB_PREFIX - assumed 'DB_PREFIX' D:\cms\Application\Home\Conf\config.php 第 15 行.
NOTIC: [8] Use of undefined constant DB_DSN - assumed 'DB_DSN' D:\cms\Application\Home\Conf\config.php 第 16 行.
NOTIC: [8] Use of undefined constant LOAD_EXT_CONFIG - assumed 'LOAD_EXT_CONFIG' D:\cms\Application\Home\Conf\config.php 第 18 行.

[ 2016-09-02T16:58:36+08:00 ] 127.0.0.1 /home/privilege/add
INFO: [ app_init ] --START--
INFO: Run Behavior\BuildLiteBehavior [ RunTime:0.000000s ]
INFO: [ app_init ] --END-- [ RunTime:0.002000s ]
NOTIC: [8] Use of undefined constant SHOW_PAGE_TRACE - assumed 'SHOW_PAGE_TRACE' D:\cms\Application\Home\Conf\config.php 第 5 行.
NOTIC: [8] Use of undefined constant DB_FIELD_CACHE - assumed 'DB_FIELD_CACHE' D:\cms\Application\Home\Conf\config.php 第 7 行.
NOTIC: [8] Use of undefined constant HTML_CACHE_ON - assumed 'HTML_CACHE_ON' D:\cms\Application\Home\Conf\config.php 第 9 行.
NOTIC: [8] Use of undefined constant DB_TYPE - assumed 'DB_TYPE' D:\cms\Application\Home\Conf\config.php 第 12 行.
NOTIC: [8] Use of undefined constant DB_USER - assumed 'DB_USER' D:\cms\Application\Home\Conf\config.php 第 13 行.
NOTIC: [8] Use of undefined constant DB_PWD - assumed 'DB_PWD' D:\cms\Application\Home\Conf\config.php 第 14 行.
NOTIC: [8] Use of undefined constant DB_PREFIX - assumed 'DB_PREFIX' D:\cms\Application\Home\Conf\config.php 第 15 行.
NOTIC: [8] Use of undefined constant DB_DSN - assumed 'DB_DSN' D:\cms\Application\Home\Conf\config.php 第 16 行.
NOTIC: [8] Use of undefined constant LOAD_EXT_CONFIG - assumed 'LOAD_EXT_CONFIG' D:\cms\Application\Home\Conf\config.php 第 18 行.

[ 2016-09-02T16:58:39+08:00 ] 127.0.0.1 /home/privilege/add
INFO: [ app_init ] --START--
INFO: Run Behavior\BuildLiteBehavior [ RunTime:0.001000s ]
INFO: [ app_init ] --END-- [ RunTime:0.001000s ]
NOTIC: [8] Use of undefined constant SHOW_PAGE_TRACE - assumed 'SHOW_PAGE_TRACE' D:\cms\Application\Home\Conf\config.php 第 5 行.
NOTIC: [8] Use of undefined constant DB_FIELD_CACHE - assumed 'DB_FIELD_CACHE' D:\cms\Application\Home\Conf\config.php 第 7 行.
NOTIC: [8] Use of undefined constant HTML_CACHE_ON - assumed 'HTML_CACHE_ON' D:\cms\Application\Home\Conf\config.php 第 9 行.
NOTIC: [8] Use of undefined constant DB_TYPE - assumed 'DB_TYPE' D:\cms\Application\Home\Conf\config.php 第 12 行.
NOTIC: [8] Use of undefined constant DB_USER - assumed 'DB_USER' D:\cms\Application\Home\Conf\config.php 第 13 行.
NOTIC: [8] Use of undefined constant DB_PWD - assumed 'DB_PWD' D:\cms\Application\Home\Conf\config.php 第 14 行.
NOTIC: [8] Use of undefined constant DB_PREFIX - assumed 'DB_PREFIX' D:\cms\Application\Home\Conf\config.php 第 15 行.
NOTIC: [8] Use of undefined constant DB_DSN - assumed 'DB_DSN' D:\cms\Application\Home\Conf\config.php 第 16 行.
NOTIC: [8] Use of undefined constant LOAD_EXT_CONFIG - assumed 'LOAD_EXT_CONFIG' D:\cms\Application\Home\Conf\config.php 第 18 行.

[ 2016-09-02T16:58:39+08:00 ] 127.0.0.1 /home/privilege/Images/content_bg.gif
INFO: [ app_init ] --START--
INFO: Run Behavior\BuildLiteBehavior [ RunTime:0.000000s ]
INFO: [ app_init ] --END-- [ RunTime:0.001001s ]
NOTIC: [8] Use of undefined constant SHOW_PAGE_TRACE - assumed 'SHOW_PAGE_TRACE' D:\cms\Application\Home\Conf\config.php 第 5 行.
NOTIC: [8] Use of undefined constant DB_FIELD_CACHE - assumed 'DB_FIELD_CACHE' D:\cms\Application\Home\Conf\config.php 第 7 行.
NOTIC: [8] Use of undefined constant HTML_CACHE_ON - assumed 'HTML_CACHE_ON' D:\cms\Application\Home\Conf\config.php 第 9 行.
NOTIC: [8] Use of undefined constant DB_TYPE - assumed 'DB_TYPE' D:\cms\Application\Home\Conf\config.php 第 12 行.
NOTIC: [8] Use of undefined constant DB_USER - assumed 'DB_USER' D:\cms\Application\Home\Conf\config.php 第 13 行.
NOTIC: [8] Use of undefined constant DB_PWD - assumed 'DB_PWD' D:\cms\Application\Home\Conf\config.php 第 14 行.
NOTIC: [8] Use of undefined constant DB_PREFIX - assumed 'DB_PREFIX' D:\cms\Application\Home\Conf\config.php 第 15 行.
NOTIC: [8] Use of undefined constant DB_DSN - assumed 'DB_DSN' D:\cms\Application\Home\Conf\config.php 第 16 行.
NOTIC: [8] Use of undefined constant LOAD_EXT_CONFIG - assumed 'LOAD_EXT_CONFIG' D:\cms\Application\Home\Conf\config.php 第 18 行.

[ 2016-09-02T17:01:19+08:00 ] 127.0.0.1 /home/privilege/add
INFO: [ app_init ] --START--
INFO: Run Behavior\BuildLiteBehavior [ RunTime:0.000000s ]
INFO: [ app_init ] --END-- [ RunTime:0.001000s ]
NOTIC: [8] Use of undefined constant SHOW_PAGE_TRACE - assumed 'SHOW_PAGE_TRACE' D:\cms\Application\Home\Conf\config.php 第 5 行.
NOTIC: [8] Use of undefined constant DB_FIELD_CACHE - assumed 'DB_FIELD_CACHE' D:\cms\Application\Home\Conf\config.php 第 7 行.
NOTIC: [8] Use of undefined constant HTML_CACHE_ON - assumed 'HTML_CACHE_ON' D:\cms\Application\Home\Conf\config.php 第 9 行.
NOTIC: [8] Use of undefined constant DB_TYPE - assumed 'DB_TYPE' D:\cms\Application\Home\Conf\config.php 第 12 行.
NOTIC: [8] Use of undefined constant DB_USER - assumed 'DB_USER' D:\cms\Application\Home\Conf\config.php 第 13 行.
NOTIC: [8] Use of undefined constant DB_PWD - assumed 'DB_PWD' D:\cms\Application\Home\Conf\config.php 第 14 行.
NOTIC: [8] Use of undefined constant DB_PREFIX - assumed 'DB_PREFIX' D:\cms\Application\Home\Conf\config.php 第 15 行.
NOTIC: [8] Use of undefined constant DB_DSN - assumed 'DB_DSN' D:\cms\Application\Home\Conf\config.php 第 16 行.
NOTIC: [8] Use of undefined constant LOAD_EXT_CONFIG - assumed 'LOAD_EXT_CONFIG' D:\cms\Application\Home\Conf\config.php 第 18 行.

[ 2016-09-02T17:01:40+08:00 ] 127.0.0.1 /home/privilege/add
INFO: [ app_init ] --START--
INFO: Run Behavior\BuildLiteBehavior [ RunTime:0.000000s ]
INFO: [ app_init ] --END-- [ RunTime:0.001000s ]
NOTIC: [8] Use of undefined constant SHOW_PAGE_TRACE - assumed 'SHOW_PAGE_TRACE' D:\cms\Application\Home\Conf\config.php 第 5 行.
NOTIC: [8] Use of undefined constant DB_FIELD_CACHE - assumed 'DB_FIELD_CACHE' D:\cms\Application\Home\Conf\config.php 第 7 行.
NOTIC: [8] Use of undefined constant HTML_CACHE_ON - assumed 'HTML_CACHE_ON' D:\cms\Application\Home\Conf\config.php 第 9 行.
NOTIC: [8] Use of undefined constant DB_TYPE - assumed 'DB_TYPE' D:\cms\Application\Home\Conf\config.php 第 12 行.
NOTIC: [8] Use of undefined constant DB_USER - assumed 'DB_USER' D:\cms\Application\Home\Conf\config.php 第 13 行.
NOTIC: [8] Use of undefined constant DB_PWD - assumed 'DB_PWD' D:\cms\Application\Home\Conf\config.php 第 14 行.
NOTIC: [8] Use of undefined constant DB_PREFIX - assumed 'DB_PREFIX' D:\cms\Application\Home\Conf\config.php 第 15 行.
NOTIC: [8] Use of undefined constant DB_DSN - assumed 'DB_DSN' D:\cms\Application\Home\Conf\config.php 第 16 行.
NOTIC: [8] Use of undefined constant LOAD_EXT_CONFIG - assumed 'LOAD_EXT_CONFIG' D:\cms\Application\Home\Conf\config.php 第 18 行.

[ 2016-09-02T17:01:42+08:00 ] 127.0.0.1 /home/privilege/add
INFO: [ app_init ] --START--
INFO: Run Behavior\BuildLiteBehavior [ RunTime:0.000000s ]
INFO: [ app_init ] --END-- [ RunTime:0.001000s ]
NOTIC: [8] Use of undefined constant SHOW_PAGE_TRACE - assumed 'SHOW_PAGE_TRACE' D:\cms\Application\Home\Conf\config.php 第 5 行.
NOTIC: [8] Use of undefined constant DB_FIELD_CACHE - assumed 'DB_FIELD_CACHE' D:\cms\Application\Home\Conf\config.php 第 7 行.
NOTIC: [8] Use of undefined constant HTML_CACHE_ON - assumed 'HTML_CACHE_ON' D:\cms\Application\Home\Conf\config.php 第 9 行.
NOTIC: [8] Use of undefined constant DB_TYPE - assumed 'DB_TYPE' D:\cms\Application\Home\Conf\config.php 第 12 行.
NOTIC: [8] Use of undefined constant DB_USER - assumed 'DB_USER' D:\cms\Application\Home\Conf\config.php 第 13 行.
NOTIC: [8] Use of undefined constant DB_PWD - assumed 'DB_PWD' D:\cms\Application\Home\Conf\config.php 第 14 行.
NOTIC: [8] Use of undefined constant DB_PREFIX - assumed 'DB_PREFIX' D:\cms\Application\Home\Conf\config.php 第 15 行.
NOTIC: [8] Use of undefined constant DB_DSN - assumed 'DB_DSN' D:\cms\Application\Home\Conf\config.php 第 16 行.
NOTIC: [8] Use of undefined constant LOAD_EXT_CONFIG - assumed 'LOAD_EXT_CONFIG' D:\cms\Application\Home\Conf\config.php 第 18 行.

[ 2016-09-02T17:04:36+08:00 ] 127.0.0.1 /home/privilege/add
INFO: [ app_init ] --START--
INFO: Run Behavior\BuildLiteBehavior [ RunTime:0.000000s ]
INFO: [ app_init ] --END-- [ RunTime:0.002000s ]
NOTIC: [8] Use of undefined constant SHOW_PAGE_TRACE - assumed 'SHOW_PAGE_TRACE' D:\cms\Application\Home\Conf\config.php 第 5 行.
NOTIC: [8] Use of undefined constant DB_FIELD_CACHE - assumed 'DB_FIELD_CACHE' D:\cms\Application\Home\Conf\config.php 第 7 行.
NOTIC: [8] Use of undefined constant HTML_CACHE_ON - assumed 'HTML_CACHE_ON' D:\cms\Application\Home\Conf\config.php 第 9 行.
NOTIC: [8] Use of undefined constant DB_TYPE - assumed 'DB_TYPE' D:\cms\Application\Home\Conf\config.php 第 12 行.
NOTIC: [8] Use of undefined constant DB_USER - assumed 'DB_USER' D:\cms\Application\Home\Conf\config.php 第 13 行.
NOTIC: [8] Use of undefined constant DB_PWD - assumed 'DB_PWD' D:\cms\Application\Home\Conf\config.php 第 14 行.
NOTIC: [8] Use of undefined constant DB_PREFIX - assumed 'DB_PREFIX' D:\cms\Application\Home\Conf\config.php 第 15 行.
NOTIC: [8] Use of undefined constant DB_DSN - assumed 'DB_DSN' D:\cms\Application\Home\Conf\config.php 第 16 行.
NOTIC: [8] Use of undefined constant LOAD_EXT_CONFIG - assumed 'LOAD_EXT_CONFIG' D:\cms\Application\Home\Conf\config.php 第 18 行.

[ 2016-09-02T17:04:46+08:00 ] 127.0.0.1 /home/privilege/add
INFO: [ app_init ] --START--
INFO: Run Behavior\BuildLiteBehavior [ RunTime:0.000000s ]
INFO: [ app_init ] --END-- [ RunTime:0.001000s ]
NOTIC: [8] Use of undefined constant SHOW_PAGE_TRACE - assumed 'SHOW_PAGE_TRACE' D:\cms\Application\Home\Conf\config.php 第 5 行.
NOTIC: [8] Use of undefined constant DB_FIELD_CACHE - assumed 'DB_FIELD_CACHE' D:\cms\Application\Home\Conf\config.php 第 7 行.
NOTIC: [8] Use of undefined constant HTML_CACHE_ON - assumed 'HTML_CACHE_ON' D:\cms\Application\Home\Conf\config.php 第 9 行.
NOTIC: [8] Use of undefined constant DB_TYPE - assumed 'DB_TYPE' D:\cms\Application\Home\Conf\config.php 第 12 行.
NOTIC: [8] Use of undefined constant DB_USER - assumed 'DB_USER' D:\cms\Application\Home\Conf\config.php 第 13 行.
NOTIC: [8] Use of undefined constant DB_PWD - assumed 'DB_PWD' D:\cms\Application\Home\Conf\config.php 第 14 行.
NOTIC: [8] Use of undefined constant DB_PREFIX - assumed 'DB_PREFIX' D:\cms\Application\Home\Conf\config.php 第 15 行.
NOTIC: [8] Use of undefined constant DB_DSN - assumed 'DB_DSN' D:\cms\Application\Home\Conf\config.php 第 16 行.
NOTIC: [8] Use of undefined constant LOAD_EXT_CONFIG - assumed 'LOAD_EXT_CONFIG' D:\cms\Application\Home\Conf\config.php 第 18 行.

[ 2016-09-02T17:04:50+08:00 ] 127.0.0.1 /home/privilege/add
INFO: [ app_init ] --START--
INFO: Run Behavior\BuildLiteBehavior [ RunTime:0.000000s ]
INFO: [ app_init ] --END-- [ RunTime:0.001000s ]
NOTIC: [8] Use of undefined constant SHOW_PAGE_TRACE - assumed 'SHOW_PAGE_TRACE' D:\cms\Application\Home\Conf\config.php 第 5 行.
NOTIC: [8] Use of undefined constant DB_FIELD_CACHE - assumed 'DB_FIELD_CACHE' D:\cms\Application\Home\Conf\config.php 第 7 行.
NOTIC: [8] Use of undefined constant HTML_CACHE_ON - assumed 'HTML_CACHE_ON' D:\cms\Application\Home\Conf\config.php 第 9 行.
NOTIC: [8] Use of undefined constant DB_TYPE - assumed 'DB_TYPE' D:\cms\Application\Home\Conf\config.php 第 12 行.
NOTIC: [8] Use of undefined constant DB_USER - assumed 'DB_USER' D:\cms\Application\Home\Conf\config.php 第 13 行.
NOTIC: [8] Use of undefined constant DB_PWD - assumed 'DB_PWD' D:\cms\Application\Home\Conf\config.php 第 14 行.
NOTIC: [8] Use of undefined constant DB_PREFIX - assumed 'DB_PREFIX' D:\cms\Application\Home\Conf\config.php 第 15 行.
NOTIC: [8] Use of undefined constant DB_DSN - assumed 'DB_DSN' D:\cms\Application\Home\Conf\config.php 第 16 行.
NOTIC: [8] Use of undefined constant LOAD_EXT_CONFIG - assumed 'LOAD_EXT_CONFIG' D:\cms\Application\Home\Conf\config.php 第 18 行.

[ 2016-09-02T17:04:52+08:00 ] 127.0.0.1 /home/privilege/add
INFO: [ app_init ] --START--
INFO: Run Behavior\BuildLiteBehavior [ RunTime:0.000000s ]
INFO: [ app_init ] --END-- [ RunTime:0.001000s ]
NOTIC: [8] Use of undefined constant SHOW_PAGE_TRACE - assumed 'SHOW_PAGE_TRACE' D:\cms\Application\Home\Conf\config.php 第 5 行.
NOTIC: [8] Use of undefined constant DB_FIELD_CACHE - assumed 'DB_FIELD_CACHE' D:\cms\Application\Home\Conf\config.php 第 7 行.
NOTIC: [8] Use of undefined constant HTML_CACHE_ON - assumed 'HTML_CACHE_ON' D:\cms\Application\Home\Conf\config.php 第 9 行.
NOTIC: [8] Use of undefined constant DB_TYPE - assumed 'DB_TYPE' D:\cms\Application\Home\Conf\config.php 第 12 行.
NOTIC: [8] Use of undefined constant DB_USER - assumed 'DB_USER' D:\cms\Application\Home\Conf\config.php 第 13 行.
NOTIC: [8] Use of undefined constant DB_PWD - assumed 'DB_PWD' D:\cms\Application\Home\Conf\config.php 第 14 行.
NOTIC: [8] Use of undefined constant DB_PREFIX - assumed 'DB_PREFIX' D:\cms\Application\Home\Conf\config.php 第 15 行.
NOTIC: [8] Use of undefined constant DB_DSN - assumed 'DB_DSN' D:\cms\Application\Home\Conf\config.php 第 16 行.
NOTIC: [8] Use of undefined constant LOAD_EXT_CONFIG - assumed 'LOAD_EXT_CONFIG' D:\cms\Application\Home\Conf\config.php 第 18 行.

[ 2016-09-02T17:04:55+08:00 ] 127.0.0.1 /home/privilege/add
INFO: [ app_init ] --START--
INFO: Run Behavior\BuildLiteBehavior [ RunTime:0.000000s ]
INFO: [ app_init ] --END-- [ RunTime:0.001000s ]
NOTIC: [8] Use of undefined constant SHOW_PAGE_TRACE - assumed 'SHOW_PAGE_TRACE' D:\cms\Application\Home\Conf\config.php 第 5 行.
NOTIC: [8] Use of undefined constant DB_FIELD_CACHE - assumed 'DB_FIELD_CACHE' D:\cms\Application\Home\Conf\config.php 第 7 行.
NOTIC: [8] Use of undefined constant HTML_CACHE_ON - assumed 'HTML_CACHE_ON' D:\cms\Application\Home\Conf\config.php 第 9 行.
NOTIC: [8] Use of undefined constant DB_TYPE - assumed 'DB_TYPE' D:\cms\Application\Home\Conf\config.php 第 12 行.
NOTIC: [8] Use of undefined constant DB_USER - assumed 'DB_USER' D:\cms\Application\Home\Conf\config.php 第 13 行.
NOTIC: [8] Use of undefined constant DB_PWD - assumed 'DB_PWD' D:\cms\Application\Home\Conf\config.php 第 14 行.
NOTIC: [8] Use of undefined constant DB_PREFIX - assumed 'DB_PREFIX' D:\cms\Application\Home\Conf\config.php 第 15 行.
NOTIC: [8] Use of undefined constant DB_DSN - assumed 'DB_DSN' D:\cms\Application\Home\Conf\config.php 第 16 行.
NOTIC: [8] Use of undefined constant LOAD_EXT_CONFIG - assumed 'LOAD_EXT_CONFIG' D:\cms\Application\Home\Conf\config.php 第 18 行.

[ 2016-09-02T17:06:55+08:00 ] 127.0.0.1 /home/privilege/add
INFO: [ app_init ] --START--
INFO: Run Behavior\BuildLiteBehavior [ RunTime:0.000000s ]
INFO: [ app_init ] --END-- [ RunTime:0.001000s ]
NOTIC: [8] Use of undefined constant SHOW_PAGE_TRACE - assumed 'SHOW_PAGE_TRACE' D:\cms\Application\Home\Conf\config.php 第 5 行.
NOTIC: [8] Use of undefined constant DB_FIELD_CACHE - assumed 'DB_FIELD_CACHE' D:\cms\Application\Home\Conf\config.php 第 7 行.
NOTIC: [8] Use of undefined constant HTML_CACHE_ON - assumed 'HTML_CACHE_ON' D:\cms\Application\Home\Conf\config.php 第 9 行.
NOTIC: [8] Use of undefined constant DB_TYPE - assumed 'DB_TYPE' D:\cms\Application\Home\Conf\config.php 第 12 行.
NOTIC: [8] Use of undefined constant DB_USER - assumed 'DB_USER' D:\cms\Application\Home\Conf\config.php 第 13 行.
NOTIC: [8] Use of undefined constant DB_PWD - assumed 'DB_PWD' D:\cms\Application\Home\Conf\config.php 第 14 行.
NOTIC: [8] Use of undefined constant DB_PREFIX - assumed 'DB_PREFIX' D:\cms\Application\Home\Conf\config.php 第 15 行.
NOTIC: [8] Use of undefined constant DB_DSN - assumed 'DB_DSN' D:\cms\Application\Home\Conf\config.php 第 16 行.
NOTIC: [8] Use of undefined constant LOAD_EXT_CONFIG - assumed 'LOAD_EXT_CONFIG' D:\cms\Application\Home\Conf\config.php 第 18 行.

[ 2016-09-02T17:06:58+08:00 ] 127.0.0.1 /home/privilege/add
INFO: [ app_init ] --START--
INFO: Run Behavior\BuildLiteBehavior [ RunTime:0.000000s ]
INFO: [ app_init ] --END-- [ RunTime:0.001000s ]
NOTIC: [8] Use of undefined constant SHOW_PAGE_TRACE - assumed 'SHOW_PAGE_TRACE' D:\cms\Application\Home\Conf\config.php 第 5 行.
NOTIC: [8] Use of undefined constant DB_FIELD_CACHE - assumed 'DB_FIELD_CACHE' D:\cms\Application\Home\Conf\config.php 第 7 行.
NOTIC: [8] Use of undefined constant HTML_CACHE_ON - assumed 'HTML_CACHE_ON' D:\cms\Application\Home\Conf\config.php 第 9 行.
NOTIC: [8] Use of undefined constant DB_TYPE - assumed 'DB_TYPE' D:\cms\Application\Home\Conf\config.php 第 12 行.
NOTIC: [8] Use of undefined constant DB_USER - assumed 'DB_USER' D:\cms\Application\Home\Conf\config.php 第 13 行.
NOTIC: [8] Use of undefined constant DB_PWD - assumed 'DB_PWD' D:\cms\Application\Home\Conf\config.php 第 14 行.
NOTIC: [8] Use of undefined constant DB_PREFIX - assumed 'DB_PREFIX' D:\cms\Application\Home\Conf\config.php 第 15 行.
NOTIC: [8] Use of undefined constant DB_DSN - assumed 'DB_DSN' D:\cms\Application\Home\Conf\config.php 第 16 行.
NOTIC: [8] Use of undefined constant LOAD_EXT_CONFIG - assumed 'LOAD_EXT_CONFIG' D:\cms\Application\Home\Conf\config.php 第 18 行.

[ 2016-09-02T17:06:58+08:00 ] 127.0.0.1 /home/privilege/Images/content_bg.gif
INFO: [ app_init ] --START--
INFO: Run Behavior\BuildLiteBehavior [ RunTime:0.000000s ]
INFO: [ app_init ] --END-- [ RunTime:0.001001s ]
NOTIC: [8] Use of undefined constant SHOW_PAGE_TRACE - assumed 'SHOW_PAGE_TRACE' D:\cms\Application\Home\Conf\config.php 第 5 行.
NOTIC: [8] Use of undefined constant DB_FIELD_CACHE - assumed 'DB_FIELD_CACHE' D:\cms\Application\Home\Conf\config.php 第 7 行.
NOTIC: [8] Use of undefined constant HTML_CACHE_ON - assumed 'HTML_CACHE_ON' D:\cms\Application\Home\Conf\config.php 第 9 行.
NOTIC: [8] Use of undefined constant DB_TYPE - assumed 'DB_TYPE' D:\cms\Application\Home\Conf\config.php 第 12 行.
NOTIC: [8] Use of undefined constant DB_USER - assumed 'DB_USER' D:\cms\Application\Home\Conf\config.php 第 13 行.
NOTIC: [8] Use of undefined constant DB_PWD - assumed 'DB_PWD' D:\cms\Application\Home\Conf\config.php 第 14 行.
NOTIC: [8] Use of undefined constant DB_PREFIX - assumed 'DB_PREFIX' D:\cms\Application\Home\Conf\config.php 第 15 行.
NOTIC: [8] Use of undefined constant DB_DSN - assumed 'DB_DSN' D:\cms\Application\Home\Conf\config.php 第 16 行.
NOTIC: [8] Use of undefined constant LOAD_EXT_CONFIG - assumed 'LOAD_EXT_CONFIG' D:\cms\Application\Home\Conf\config.php 第 18 行.

